<?xml version="1.0" encoding="UTF-8" standalone="yes"?><!DOCTYPE report PUBLIC "-//JACOCO//DTD Report 1.1//EN" "report.dtd"><report name="CinemaSystem"><sessioninfo id="DESKTOP-KA73S1F-952f1bb9" start="1640079265126" dump="1640079273181"/><package name="com/example/cinemasystem/filter"><class name="com/example/cinemasystem/filter/JWTAuthorizationFilter" sourcefilename="JWTAuthorizationFilter.java"><method name="&lt;init&gt;" desc="(Lorg/springframework/security/authentication/AuthenticationManager;)V" line="24"><counter type="INSTRUCTION" missed="0" covered="4"/><counter type="LINE" missed="0" covered="1"/><counter type="COMPLEXITY" missed="0" covered="1"/><counter type="METHOD" missed="0" covered="1"/></method><method name="doFilterInternal" desc="(Ljavax/servlet/http/HttpServletRequest;Ljavax/servlet/http/HttpServletResponse;Ljavax/servlet/FilterChain;)V" line="28"><counter type="INSTRUCTION" missed="27" covered="0"/><counter type="BRANCH" missed="4" covered="0"/><counter type="LINE" missed="8" covered="0"/><counter type="COMPLEXITY" missed="3" covered="0"/><counter type="METHOD" missed="1" covered="0"/></method><method name="getAuthentication" desc="(Ljavax/servlet/http/HttpServletRequest;)Lorg/springframework/security/authentication/UsernamePasswordAuthenticationToken;" line="43"><counter type="INSTRUCTION" missed="40" covered="0"/><counter type="BRANCH" missed="4" covered="0"/><counter type="LINE" missed="11" covered="0"/><counter type="COMPLEXITY" missed="3" covered="0"/><counter type="METHOD" missed="1" covered="0"/></method><method name="getAuthorities" desc="(Ljava/lang/String;)Ljava/util/Collection;" line="62"><counter type="INSTRUCTION" missed="11" covered="0"/><counter type="LINE" missed="1" covered="0"/><counter type="COMPLEXITY" missed="1" covered="0"/><counter type="METHOD" missed="1" covered="0"/></method><counter type="INSTRUCTION" missed="78" covered="4"/><counter type="BRANCH" missed="8" covered="0"/><counter type="LINE" missed="20" covered="1"/><counter type="COMPLEXITY" missed="7" covered="1"/><counter type="METHOD" missed="3" covered="1"/><counter type="CLASS" missed="0" covered="1"/></class><class name="com/example/cinemasystem/filter/JWTAuthenticationFilter" sourcefilename="JWTAuthenticationFilter.java"><method name="attemptAuthentication" desc="(Ljavax/servlet/http/HttpServletRequest;Ljavax/servlet/http/HttpServletResponse;)Lorg/springframework/security/core/Authentication;" line="30"><counter type="INSTRUCTION" missed="29" covered="0"/><counter type="LINE" missed="7" covered="0"/><counter type="COMPLEXITY" missed="1" covered="0"/><counter type="METHOD" missed="1" covered="0"/></method><method name="successfulAuthentication" desc="(Ljavax/servlet/http/HttpServletRequest;Ljavax/servlet/http/HttpServletResponse;Ljavax/servlet/FilterChain;Lorg/springframework/security/core/Authentication;)V" line="45"><counter type="INSTRUCTION" missed="43" covered="0"/><counter type="LINE" missed="10" covered="0"/><counter type="COMPLEXITY" missed="1" covered="0"/><counter type="METHOD" missed="1" covered="0"/></method><method name="&lt;init&gt;" desc="(Lorg/springframework/security/authentication/AuthenticationManager;)V" line="24"><counter type="INSTRUCTION" missed="0" covered="6"/><counter type="LINE" missed="0" covered="1"/><counter type="COMPLEXITY" missed="0" covered="1"/><counter type="METHOD" missed="0" covered="1"/></method><counter type="INSTRUCTION" missed="72" covered="6"/><counter type="LINE" missed="17" covered="1"/><counter type="COMPLEXITY" missed="2" covered="1"/><counter type="METHOD" missed="2" covered="1"/><counter type="CLASS" missed="0" covered="1"/></class><sourcefile name="JWTAuthorizationFilter.java"><line nr="24" mi="0" ci="4" mb="0" cb="0"/><line nr="28" mi="4" ci="0" mb="0" cb="0"/><line nr="30" mi="6" ci="0" mb="4" cb="0"/><line nr="31" mi="4" ci="0" mb="0" cb="0"/><line nr="32" mi="1" ci="0" mb="0" cb="0"/><line nr="35" mi="4" ci="0" mb="0" cb="0"/><line nr="37" mi="3" ci="0" mb="0" cb="0"/><line nr="38" mi="4" ci="0" mb="0" cb="0"/><line nr="39" mi="1" ci="0" mb="0" cb="0"/><line nr="43" mi="4" ci="0" mb="0" cb="0"/><line nr="44" mi="2" ci="0" mb="2" cb="0"/><line nr="46" mi="4" ci="0" mb="0" cb="0"/><line nr="47" mi="4" ci="0" mb="0" cb="0"/><line nr="48" mi="3" ci="0" mb="0" cb="0"/><line nr="50" mi="3" ci="0" mb="0" cb="0"/><line nr="51" mi="5" ci="0" mb="0" cb="0"/><line nr="53" mi="2" ci="0" mb="2" cb="0"/><line nr="54" mi="9" ci="0" mb="0" cb="0"/><line nr="56" mi="2" ci="0" mb="0" cb="0"/><line nr="58" mi="2" ci="0" mb="0" cb="0"/><line nr="62" mi="11" ci="0" mb="0" cb="0"/><counter type="INSTRUCTION" missed="78" covered="4"/><counter type="BRANCH" missed="8" covered="0"/><counter type="LINE" missed="20" covered="1"/><counter type="COMPLEXITY" missed="7" covered="1"/><counter type="METHOD" missed="3" covered="1"/><counter type="CLASS" missed="0" covered="1"/></sourcefile><sourcefile name="JWTAuthenticationFilter.java"><line nr="24" mi="0" ci="6" mb="0" cb="0"/><line nr="30" mi="4" ci="0" mb="0" cb="0"/><line nr="31" mi="5" ci="0" mb="0" cb="0"/><line nr="33" mi="7" ci="0" mb="0" cb="0"/><line nr="35" mi="2" ci="0" mb="0" cb="0"/><line nr="36" mi="5" ci="0" mb="0" cb="0"/><line nr="39" mi="1" ci="0" mb="0" cb="0"/><line nr="40" mi="5" ci="0" mb="0" cb="0"/><line nr="45" mi="2" ci="0" mb="0" cb="0"/><line nr="46" mi="6" ci="0" mb="0" cb="0"/><line nr="47" mi="8" ci="0" mb="0" cb="0"/><line nr="48" mi="6" ci="0" mb="0" cb="0"/><line nr="49" mi="4" ci="0" mb="0" cb="0"/><line nr="52" mi="3" ci="0" mb="0" cb="0"/><line nr="53" mi="3" ci="0" mb="0" cb="0"/><line nr="54" mi="5" ci="0" mb="0" cb="0"/><line nr="60" mi="5" ci="0" mb="0" cb="0"/><line nr="62" mi="1" ci="0" mb="0" cb="0"/><counter type="INSTRUCTION" missed="72" covered="6"/><counter type="LINE" missed="17" covered="1"/><counter type="COMPLEXITY" missed="2" covered="1"/><counter type="METHOD" missed="2" covered="1"/><counter type="CLASS" missed="0" covered="1"/></sourcefile><counter type="INSTRUCTION" missed="150" covered="10"/><counter type="BRANCH" missed="8" covered="0"/><counter type="LINE" missed="37" covered="2"/><counter type="COMPLEXITY" missed="9" covered="2"/><counter type="METHOD" missed="5" covered="2"/><counter type="CLASS" missed="0" covered="2"/></package><package name="com/example/cinemasystem/controller"><class name="com/example/cinemasystem/controller/MovieController" sourcefilename="MovieController.java"><method name="&lt;init&gt;" desc="()V" line="25"><counter type="INSTRUCTION" missed="0" covered="3"/><counter type="LINE" missed="0" covered="1"/><counter type="COMPLEXITY" missed="0" covered="1"/><counter type="METHOD" missed="0" covered="1"/></method><method name="getAllMovies" desc="()Ljava/util/concurrent/CompletableFuture;" line="36"><counter type="INSTRUCTION" missed="4" covered="0"/><counter type="LINE" missed="1" covered="0"/><counter type="COMPLEXITY" missed="1" covered="0"/><counter type="METHOD" missed="1" covered="0"/></method><method name="getMovieById" desc="(I)Lorg/springframework/http/ResponseEntity;" line="44"><counter type="INSTRUCTION" missed="5" covered="0"/><counter type="LINE" missed="1" covered="0"/><counter type="COMPLEXITY" missed="1" covered="0"/><counter type="METHOD" missed="1" covered="0"/></method><method name="uploadPhoto" desc="(Lorg/springframework/web/multipart/MultipartFile;Ljava/lang/String;)Lorg/springframework/http/ResponseEntity;" line="52"><counter type="INSTRUCTION" missed="9" covered="4"/><counter type="LINE" missed="2" covered="2"/><counter type="COMPLEXITY" missed="0" covered="1"/><counter type="METHOD" missed="0" covered="1"/></method><method name="getMoviePhotoById" desc="(I)Lorg/springframework/http/ResponseEntity;" line="68"><counter type="INSTRUCTION" missed="38" covered="0"/><counter type="LINE" missed="9" covered="0"/><counter type="COMPLEXITY" missed="1" covered="0"/><counter type="METHOD" missed="1" covered="0"/></method><method name="getTrailerCharityById" desc="(I)Lorg/springframework/http/ResponseEntity;" line="88"><counter type="INSTRUCTION" missed="5" covered="0"/><counter type="LINE" missed="1" covered="0"/><counter type="COMPLEXITY" missed="1" covered="0"/><counter type="METHOD" missed="1" covered="0"/></method><method name="addMovie" desc="(Lcom/example/cinemasystem/model/request/MovieCreateRequest;)Lorg/springframework/http/ResponseEntity;" line="94"><counter type="INSTRUCTION" missed="8" covered="0"/><counter type="LINE" missed="2" covered="0"/><counter type="COMPLEXITY" missed="1" covered="0"/><counter type="METHOD" missed="1" covered="0"/></method><method name="editMovie" desc="(Lcom/example/cinemasystem/model/request/MovieEditRequest;)Lorg/springframework/http/ResponseEntity;" line="101"><counter type="INSTRUCTION" missed="8" covered="0"/><counter type="LINE" missed="2" covered="0"/><counter type="COMPLEXITY" missed="1" covered="0"/><counter type="METHOD" missed="1" covered="0"/></method><method name="deleteMovie" desc="(I)Lorg/springframework/http/ResponseEntity;" line="108"><counter type="INSTRUCTION" missed="8" covered="0"/><counter type="LINE" missed="2" covered="0"/><counter type="COMPLEXITY" missed="1" covered="0"/><counter type="METHOD" missed="1" covered="0"/></method><counter type="INSTRUCTION" missed="85" covered="7"/><counter type="LINE" missed="20" covered="3"/><counter type="COMPLEXITY" missed="7" covered="2"/><counter type="METHOD" missed="7" covered="2"/><counter type="CLASS" missed="0" covered="1"/></class><class name="com/example/cinemasystem/controller/ReservationController" sourcefilename="ReservationController.java"><method name="&lt;init&gt;" desc="()V" line="17"><counter type="INSTRUCTION" missed="0" covered="3"/><counter type="LINE" missed="0" covered="1"/><counter type="COMPLEXITY" missed="0" covered="1"/><counter type="METHOD" missed="0" covered="1"/></method><method name="getAllReservations" desc="()Ljava/util/concurrent/CompletableFuture;" line="26"><counter type="INSTRUCTION" missed="4" covered="0"/><counter type="LINE" missed="1" covered="0"/><counter type="COMPLEXITY" missed="1" covered="0"/><counter type="METHOD" missed="1" covered="0"/></method><method name="getAllReservationsByAccount" desc="()Ljava/util/concurrent/CompletableFuture;" line="32"><counter type="INSTRUCTION" missed="17" covered="0"/><counter type="LINE" missed="4" covered="0"/><counter type="COMPLEXITY" missed="1" covered="0"/><counter type="METHOD" missed="1" covered="0"/></method><method name="makeReservation" desc="(Lcom/example/cinemasystem/model/request/ReservationRequest;)Lorg/springframework/http/ResponseEntity;" line="40"><counter type="INSTRUCTION" missed="21" covered="0"/><counter type="LINE" missed="5" covered="0"/><counter type="COMPLEXITY" missed="1" covered="0"/><counter type="METHOD" missed="1" covered="0"/></method><method name="getAllReservationsByAccountOrderedByPrice" desc="()Ljava/util/concurrent/CompletableFuture;" line="51"><counter type="INSTRUCTION" missed="17" covered="0"/><counter type="LINE" missed="4" covered="0"/><counter type="COMPLEXITY" missed="1" covered="0"/><counter type="METHOD" missed="1" covered="0"/></method><method name="getAllReservationsByAccountForCurrentMonth" desc="(I)Ljava/util/concurrent/CompletableFuture;" line="60"><counter type="INSTRUCTION" missed="18" covered="0"/><counter type="LINE" missed="4" covered="0"/><counter type="COMPLEXITY" missed="1" covered="0"/><counter type="METHOD" missed="1" covered="0"/></method><method name="getAllReservationsForCurrentMonth" desc="(I)Ljava/util/concurrent/CompletableFuture;" line="70"><counter type="INSTRUCTION" missed="5" covered="0"/><counter type="LINE" missed="1" covered="0"/><counter type="COMPLEXITY" missed="1" covered="0"/><counter type="METHOD" missed="1" covered="0"/></method><method name="getAllReservationsOrderedByPrice" desc="()Ljava/util/concurrent/CompletableFuture;" line="76"><counter type="INSTRUCTION" missed="4" covered="0"/><counter type="LINE" missed="1" covered="0"/><counter type="COMPLEXITY" missed="1" covered="0"/><counter type="METHOD" missed="1" covered="0"/></method><counter type="INSTRUCTION" missed="86" covered="3"/><counter type="LINE" missed="20" covered="1"/><counter type="COMPLEXITY" missed="7" covered="1"/><counter type="METHOD" missed="7" covered="1"/><counter type="CLASS" missed="0" covered="1"/></class><class name="com/example/cinemasystem/controller/AccountController" sourcefilename="AccountController.java"><method name="&lt;init&gt;" desc="()V" line="18"><counter type="INSTRUCTION" missed="0" covered="3"/><counter type="LINE" missed="0" covered="1"/><counter type="COMPLEXITY" missed="0" covered="1"/><counter type="METHOD" missed="0" covered="1"/></method><method name="getAllAccounts" desc="()Ljava/util/concurrent/CompletableFuture;" line="26"><counter type="INSTRUCTION" missed="4" covered="0"/><counter type="LINE" missed="1" covered="0"/><counter type="COMPLEXITY" missed="1" covered="0"/><counter type="METHOD" missed="1" covered="0"/></method><method name="getAccountById" desc="(I)Lorg/springframework/http/ResponseEntity;" line="32"><counter type="INSTRUCTION" missed="0" covered="5"/><counter type="LINE" missed="0" covered="1"/><counter type="COMPLEXITY" missed="0" covered="1"/><counter type="METHOD" missed="0" covered="1"/></method><method name="getAccountByUsername" desc="()Lorg/springframework/http/ResponseEntity;" line="38"><counter type="INSTRUCTION" missed="11" covered="0"/><counter type="LINE" missed="3" covered="0"/><counter type="COMPLEXITY" missed="1" covered="0"/><counter type="METHOD" missed="1" covered="0"/></method><method name="userRegistration" desc="(Lcom/example/cinemasystem/model/request/UserCreateRequest;)Lorg/springframework/http/ResponseEntity;" line="48"><counter type="INSTRUCTION" missed="0" covered="8"/><counter type="LINE" missed="0" covered="2"/><counter type="COMPLEXITY" missed="0" covered="1"/><counter type="METHOD" missed="0" covered="1"/></method><counter type="INSTRUCTION" missed="15" covered="16"/><counter type="LINE" missed="4" covered="4"/><counter type="COMPLEXITY" missed="2" covered="3"/><counter type="METHOD" missed="2" covered="3"/><counter type="CLASS" missed="0" covered="1"/></class><sourcefile name="ReservationController.java"><line nr="17" mi="0" ci="3" mb="0" cb="0"/><line nr="26" mi="4" ci="0" mb="0" cb="0"/><line nr="32" mi="3" ci="0" mb="0" cb="0"/><line nr="33" mi="3" ci="0" mb="0" cb="0"/><line nr="34" mi="6" ci="0" mb="0" cb="0"/><line nr="35" mi="5" ci="0" mb="0" cb="0"/><line nr="40" mi="3" ci="0" mb="0" cb="0"/><line nr="41" mi="3" ci="0" mb="0" cb="0"/><line nr="42" mi="6" ci="0" mb="0" cb="0"/><line nr="44" mi="6" ci="0" mb="0" cb="0"/><line nr="46" mi="3" ci="0" mb="0" cb="0"/><line nr="51" mi="3" ci="0" mb="0" cb="0"/><line nr="52" mi="3" ci="0" mb="0" cb="0"/><line nr="53" mi="6" ci="0" mb="0" cb="0"/><line nr="54" mi="5" ci="0" mb="0" cb="0"/><line nr="60" mi="3" ci="0" mb="0" cb="0"/><line nr="61" mi="3" ci="0" mb="0" cb="0"/><line nr="62" mi="6" ci="0" mb="0" cb="0"/><line nr="63" mi="6" ci="0" mb="0" cb="0"/><line nr="70" mi="5" ci="0" mb="0" cb="0"/><line nr="76" mi="4" ci="0" mb="0" cb="0"/><counter type="INSTRUCTION" missed="86" covered="3"/><counter type="LINE" missed="20" covered="1"/><counter type="COMPLEXITY" missed="7" covered="1"/><counter type="METHOD" missed="7" covered="1"/><counter type="CLASS" missed="0" covered="1"/></sourcefile><sourcefile name="MovieController.java"><line nr="25" mi="0" ci="3" mb="0" cb="0"/><line nr="36" mi="4" ci="0" mb="0" cb="0"/><line nr="44" mi="5" ci="0" mb="0" cb="0"/><line nr="52" mi="5" ci="0" mb="0" cb="0"/><line nr="54" mi="4" ci="0" mb="0" cb="0"/><line nr="56" mi="0" ci="1" mb="0" cb="0"/><line nr="58" mi="0" ci="3" mb="0" cb="0"/><line nr="68" mi="5" ci="0" mb="0" cb="0"/><line nr="69" mi="2" ci="0" mb="0" cb="0"/><line nr="71" mi="8" ci="0" mb="0" cb="0"/><line nr="73" mi="9" ci="0" mb="0" cb="0"/><line nr="75" mi="3" ci="0" mb="0" cb="0"/><line nr="76" mi="3" ci="0" mb="0" cb="0"/><line nr="77" mi="1" ci="0" mb="0" cb="0"/><line nr="80" mi="4" ci="0" mb="0" cb="0"/><line nr="82" mi="3" ci="0" mb="0" cb="0"/><line nr="88" mi="5" ci="0" mb="0" cb="0"/><line nr="94" mi="5" ci="0" mb="0" cb="0"/><line nr="95" mi="3" ci="0" mb="0" cb="0"/><line nr="101" mi="5" ci="0" mb="0" cb="0"/><line nr="102" mi="3" ci="0" mb="0" cb="0"/><line nr="108" mi="5" ci="0" mb="0" cb="0"/><line nr="109" mi="3" ci="0" mb="0" cb="0"/><counter type="INSTRUCTION" missed="85" covered="7"/><counter type="LINE" missed="20" covered="3"/><counter type="COMPLEXITY" missed="7" covered="2"/><counter type="METHOD" missed="7" covered="2"/><counter type="CLASS" missed="0" covered="1"/></sourcefile><sourcefile name="AccountController.java"><line nr="18" mi="0" ci="3" mb="0" cb="0"/><line nr="26" mi="4" ci="0" mb="0" cb="0"/><line nr="32" mi="0" ci="5" mb="0" cb="0"/><line nr="38" mi="3" ci="0" mb="0" cb="0"/><line nr="39" mi="3" ci="0" mb="0" cb="0"/><line nr="41" mi="5" ci="0" mb="0" cb="0"/><line nr="48" mi="0" ci="5" mb="0" cb="0"/><line nr="49" mi="0" ci="3" mb="0" cb="0"/><counter type="INSTRUCTION" missed="15" covered="16"/><counter type="LINE" missed="4" covered="4"/><counter type="COMPLEXITY" missed="2" covered="3"/><counter type="METHOD" missed="2" covered="3"/><counter type="CLASS" missed="0" covered="1"/></sourcefile><counter type="INSTRUCTION" missed="186" covered="26"/><counter type="LINE" missed="44" covered="8"/><counter type="COMPLEXITY" missed="16" covered="6"/><counter type="METHOD" missed="16" covered="6"/><counter type="CLASS" missed="0" covered="3"/></package><package name="com/example/cinemasystem/service"><class name="com/example/cinemasystem/service/UserService" sourcefilename="UserService.java"><method name="&lt;init&gt;" desc="(Lcom/example/cinemasystem/dalInterfaces/IAccountDAL;)V" line="25"><counter type="INSTRUCTION" missed="0" covered="11"/><counter type="LINE" missed="0" covered="4"/><counter type="COMPLEXITY" missed="0" covered="1"/><counter type="METHOD" missed="0" covered="1"/></method><method name="returnAllAccounts" desc="()Lorg/springframework/http/ResponseEntity;" line="37"><counter type="INSTRUCTION" missed="0" covered="13"/><counter type="BRANCH" missed="0" covered="2"/><counter type="LINE" missed="0" covered="4"/><counter type="COMPLEXITY" missed="0" covered="2"/><counter type="METHOD" missed="0" covered="1"/></method><method name="getAllAccountsAsync" desc="()Ljava/util/concurrent/CompletableFuture;" line="52"><counter type="INSTRUCTION" missed="14" covered="0"/><counter type="BRANCH" missed="2" covered="0"/><counter type="LINE" missed="4" covered="0"/><counter type="COMPLEXITY" missed="2" covered="0"/><counter type="METHOD" missed="1" covered="0"/></method><method name="getAccountByUsername" desc="(Ljava/lang/String;)Lcom/example/cinemasystem/serviceInterfaces/IAccount;" line="68"><counter type="INSTRUCTION" missed="0" covered="5"/><counter type="LINE" missed="0" covered="1"/><counter type="COMPLEXITY" missed="0" covered="1"/><counter type="METHOD" missed="0" covered="1"/></method><method name="userRegistration" desc="(Lcom/example/cinemasystem/model/request/UserCreateRequest;)Z" line="77"><counter type="INSTRUCTION" missed="5" covered="38"/><counter type="BRANCH" missed="1" covered="1"/><counter type="LINE" missed="1" covered="11"/><counter type="COMPLEXITY" missed="1" covered="1"/><counter type="METHOD" missed="0" covered="1"/></method><method name="returnAccountByID" desc="(I)Lorg/springframework/http/ResponseEntity;" line="99"><counter type="INSTRUCTION" missed="0" covered="14"/><counter type="BRANCH" missed="0" covered="2"/><counter type="LINE" missed="0" covered="4"/><counter type="COMPLEXITY" missed="0" covered="2"/><counter type="METHOD" missed="0" covered="1"/></method><method name="returnAccountByUsername" desc="(Ljava/lang/String;)Lorg/springframework/http/ResponseEntity;" line="112"><counter type="INSTRUCTION" missed="0" covered="14"/><counter type="BRANCH" missed="0" covered="2"/><counter type="LINE" missed="0" covered="4"/><counter type="COMPLEXITY" missed="0" covered="2"/><counter type="METHOD" missed="0" covered="1"/></method><counter type="INSTRUCTION" missed="19" covered="95"/><counter type="BRANCH" missed="3" covered="7"/><counter type="LINE" missed="5" covered="28"/><counter type="COMPLEXITY" missed="3" covered="9"/><counter type="METHOD" missed="1" covered="6"/><counter type="CLASS" missed="0" covered="1"/></class><class name="com/example/cinemasystem/service/FileStorageService" sourcefilename="FileStorageService.java"><method name="&lt;init&gt;" desc="(Lcom/example/cinemasystem/dalInterfaces/IMovieDAL;)V" line="16"><counter type="INSTRUCTION" missed="0" covered="12"/><counter type="LINE" missed="0" covered="4"/><counter type="COMPLEXITY" missed="0" covered="1"/><counter type="METHOD" missed="0" covered="1"/></method><method name="save" desc="(Lorg/springframework/web/multipart/MultipartFile;Ljava/lang/String;)V" line="30"><counter type="INSTRUCTION" missed="25" covered="8"/><counter type="LINE" missed="5" covered="2"/><counter type="COMPLEXITY" missed="0" covered="1"/><counter type="METHOD" missed="0" covered="1"/></method><method name="delete" desc="(Ljava/lang/String;)V" line="44"><counter type="INSTRUCTION" missed="3" covered="24"/><counter type="LINE" missed="1" covered="5"/><counter type="COMPLEXITY" missed="0" covered="1"/><counter type="METHOD" missed="0" covered="1"/></method><counter type="INSTRUCTION" missed="28" covered="44"/><counter type="LINE" missed="6" covered="11"/><counter type="COMPLEXITY" missed="0" covered="3"/><counter type="METHOD" missed="0" covered="3"/><counter type="CLASS" missed="0" covered="1"/></class><class name="com/example/cinemasystem/service/AuthenticationUserDetailService" sourcefilename="AuthenticationUserDetailService.java"><method name="loadUserByUsername" desc="(Ljava/lang/String;)Lorg/springframework/security/core/userdetails/UserDetails;" line="22"><counter type="INSTRUCTION" missed="24" covered="0"/><counter type="BRANCH" missed="2" covered="0"/><counter type="LINE" missed="5" covered="0"/><counter type="COMPLEXITY" missed="2" covered="0"/><counter type="METHOD" missed="1" covered="0"/></method><method name="getAuthorities" desc="(Ljava/lang/String;)Ljava/util/Collection;" line="31"><counter type="INSTRUCTION" missed="11" covered="0"/><counter type="LINE" missed="1" covered="0"/><counter type="COMPLEXITY" missed="1" covered="0"/><counter type="METHOD" missed="1" covered="0"/></method><method name="&lt;init&gt;" desc="(Lcom/example/cinemasystem/service/UserService;)V" line="17"><counter type="INSTRUCTION" missed="0" covered="6"/><counter type="LINE" missed="0" covered="1"/><counter type="COMPLEXITY" missed="0" covered="1"/><counter type="METHOD" missed="0" covered="1"/></method><counter type="INSTRUCTION" missed="35" covered="6"/><counter type="BRANCH" missed="2" covered="0"/><counter type="LINE" missed="6" covered="1"/><counter type="COMPLEXITY" missed="3" covered="1"/><counter type="METHOD" missed="2" covered="1"/><counter type="CLASS" missed="0" covered="1"/></class><class name="com/example/cinemasystem/service/MovieService" sourcefilename="MovieService.java"><method name="&lt;init&gt;" desc="(Lcom/example/cinemasystem/dalInterfaces/IMovieDAL;Lcom/example/cinemasystem/serviceInterfaces/IFileStorageService;)V" line="26"><counter type="INSTRUCTION" missed="0" covered="9"/><counter type="LINE" missed="0" covered="4"/><counter type="COMPLEXITY" missed="0" covered="1"/><counter type="METHOD" missed="0" covered="1"/></method><method name="returnAllMovies" desc="()Ljava/util/concurrent/CompletableFuture;" line="36"><counter type="INSTRUCTION" missed="14" covered="0"/><counter type="BRANCH" missed="2" covered="0"/><counter type="LINE" missed="4" covered="0"/><counter type="COMPLEXITY" missed="2" covered="0"/><counter type="METHOD" missed="1" covered="0"/></method><method name="returnMovieById" desc="(I)Lorg/springframework/http/ResponseEntity;" line="51"><counter type="INSTRUCTION" missed="0" covered="14"/><counter type="BRANCH" missed="0" covered="2"/><counter type="LINE" missed="0" covered="4"/><counter type="COMPLEXITY" missed="0" covered="2"/><counter type="METHOD" missed="0" covered="1"/></method><method name="returnPhotoOfMovieByID" desc="(I)Ljava/lang/String;" line="64"><counter type="INSTRUCTION" missed="0" covered="13"/><counter type="BRANCH" missed="0" covered="2"/><counter type="LINE" missed="0" covered="4"/><counter type="COMPLEXITY" missed="0" covered="2"/><counter type="METHOD" missed="0" covered="1"/></method><method name="returnTrailerOfMovieById" desc="(I)Lorg/springframework/http/ResponseEntity;" line="78"><counter type="INSTRUCTION" missed="0" covered="14"/><counter type="BRANCH" missed="0" covered="2"/><counter type="LINE" missed="0" covered="4"/><counter type="COMPLEXITY" missed="0" covered="2"/><counter type="METHOD" missed="0" covered="1"/></method><method name="addMovie" desc="(Lcom/example/cinemasystem/model/request/MovieCreateRequest;)Z" line="93"><counter type="INSTRUCTION" missed="0" covered="26"/><counter type="BRANCH" missed="2" covered="2"/><counter type="LINE" missed="0" covered="7"/><counter type="COMPLEXITY" missed="2" covered="1"/><counter type="METHOD" missed="0" covered="1"/></method><method name="editMovie" desc="(Lcom/example/cinemasystem/model/request/MovieEditRequest;)Z" line="109"><counter type="INSTRUCTION" missed="0" covered="11"/><counter type="BRANCH" missed="1" covered="1"/><counter type="LINE" missed="0" covered="4"/><counter type="COMPLEXITY" missed="1" covered="1"/><counter type="METHOD" missed="0" covered="1"/></method><method name="deleteMovie" desc="(I)Z" line="118"><counter type="INSTRUCTION" missed="0" covered="23"/><counter type="LINE" missed="0" covered="6"/><counter type="COMPLEXITY" missed="0" covered="1"/><counter type="METHOD" missed="0" covered="1"/></method><counter type="INSTRUCTION" missed="14" covered="110"/><counter type="BRANCH" missed="5" covered="9"/><counter type="LINE" missed="4" covered="33"/><counter type="COMPLEXITY" missed="5" covered="10"/><counter type="METHOD" missed="1" covered="7"/><counter type="CLASS" missed="0" covered="1"/></class><class name="com/example/cinemasystem/service/ReservationService" sourcefilename="ReservationService.java"><method name="getAllReservations" desc="()Ljava/util/concurrent/CompletableFuture;" line="25"><counter type="INSTRUCTION" missed="14" covered="0"/><counter type="BRANCH" missed="2" covered="0"/><counter type="LINE" missed="4" covered="0"/><counter type="COMPLEXITY" missed="2" covered="0"/><counter type="METHOD" missed="1" covered="0"/></method><method name="makeReservation" desc="(ILcom/example/cinemasystem/model/request/ReservationRequest;)Z" line="40"><counter type="INSTRUCTION" missed="0" covered="12"/><counter type="BRANCH" missed="1" covered="1"/><counter type="LINE" missed="0" covered="4"/><counter type="COMPLEXITY" missed="1" covered="1"/><counter type="METHOD" missed="0" covered="1"/></method><method name="getAllReservationsByAccount" desc="(I)Ljava/util/concurrent/CompletableFuture;" line="53"><counter type="INSTRUCTION" missed="15" covered="0"/><counter type="BRANCH" missed="2" covered="0"/><counter type="LINE" missed="4" covered="0"/><counter type="COMPLEXITY" missed="2" covered="0"/><counter type="METHOD" missed="1" covered="0"/></method><method name="getAllReservationsByAccountForCurrentMonth" desc="(II)Ljava/util/concurrent/CompletableFuture;" line="68"><counter type="INSTRUCTION" missed="16" covered="0"/><counter type="BRANCH" missed="2" covered="0"/><counter type="LINE" missed="4" covered="0"/><counter type="COMPLEXITY" missed="2" covered="0"/><counter type="METHOD" missed="1" covered="0"/></method><method name="getAllReservationsForCurrentMonth" desc="(I)Ljava/util/concurrent/CompletableFuture;" line="84"><counter type="INSTRUCTION" missed="15" covered="0"/><counter type="BRANCH" missed="2" covered="0"/><counter type="LINE" missed="4" covered="0"/><counter type="COMPLEXITY" missed="2" covered="0"/><counter type="METHOD" missed="1" covered="0"/></method><method name="getAllReservationsByAccountOrderedByPrice" desc="(I)Ljava/util/concurrent/CompletableFuture;" line="99"><counter type="INSTRUCTION" missed="15" covered="0"/><counter type="BRANCH" missed="2" covered="0"/><counter type="LINE" missed="4" covered="0"/><counter type="COMPLEXITY" missed="2" covered="0"/><counter type="METHOD" missed="1" covered="0"/></method><method name="getAllReservationsOrderedByPrice" desc="()Ljava/util/concurrent/CompletableFuture;" line="115"><counter type="INSTRUCTION" missed="14" covered="0"/><counter type="BRANCH" missed="2" covered="0"/><counter type="LINE" missed="4" covered="0"/><counter type="COMPLEXITY" missed="2" covered="0"/><counter type="METHOD" missed="1" covered="0"/></method><method name="&lt;init&gt;" desc="(Lcom/example/cinemasystem/dalInterfaces/IReservationDAL;)V" line="16"><counter type="INSTRUCTION" missed="0" covered="6"/><counter type="LINE" missed="0" covered="1"/><counter type="COMPLEXITY" missed="0" covered="1"/><counter type="METHOD" missed="0" covered="1"/></method><counter type="INSTRUCTION" missed="89" covered="18"/><counter type="BRANCH" missed="13" covered="1"/><counter type="LINE" missed="24" covered="5"/><counter type="COMPLEXITY" missed="13" covered="2"/><counter type="METHOD" missed="6" covered="2"/><counter type="CLASS" missed="0" covered="1"/></class><sourcefile name="ReservationService.java"><line nr="16" mi="0" ci="6" mb="0" cb="0"/><line nr="25" mi="5" ci="0" mb="0" cb="0"/><line nr="27" mi="2" ci="0" mb="2" cb="0"/><line nr="29" mi="4" ci="0" mb="0" cb="0"/><line nr="33" mi="3" ci="0" mb="0" cb="0"/><line nr="40" mi="0" ci="2" mb="0" cb="0"/><line nr="41" mi="0" ci="6" mb="1" cb="1"/><line nr="43" mi="0" ci="2" mb="0" cb="0"/><line nr="46" mi="0" ci="2" mb="0" cb="0"/><line nr="53" mi="6" ci="0" mb="0" cb="0"/><line nr="55" mi="2" ci="0" mb="2" cb="0"/><line nr="57" mi="4" ci="0" mb="0" cb="0"/><line nr="61" mi="3" ci="0" mb="0" cb="0"/><line nr="68" mi="7" ci="0" mb="0" cb="0"/><line nr="70" mi="2" ci="0" mb="2" cb="0"/><line nr="72" mi="4" ci="0" mb="0" cb="0"/><line nr="76" mi="3" ci="0" mb="0" cb="0"/><line nr="84" mi="6" ci="0" mb="0" cb="0"/><line nr="86" mi="2" ci="0" mb="2" cb="0"/><line nr="88" mi="4" ci="0" mb="0" cb="0"/><line nr="92" mi="3" ci="0" mb="0" cb="0"/><line nr="99" mi="6" ci="0" mb="0" cb="0"/><line nr="101" mi="2" ci="0" mb="2" cb="0"/><line nr="103" mi="4" ci="0" mb="0" cb="0"/><line nr="107" mi="3" ci="0" mb="0" cb="0"/><line nr="115" mi="5" ci="0" mb="0" cb="0"/><line nr="117" mi="2" ci="0" mb="2" cb="0"/><line nr="119" mi="4" ci="0" mb="0" cb="0"/><line nr="123" mi="3" ci="0" mb="0" cb="0"/><counter type="INSTRUCTION" missed="89" covered="18"/><counter type="BRANCH" missed="13" covered="1"/><counter type="LINE" missed="24" covered="5"/><counter type="COMPLEXITY" missed="13" covered="2"/><counter type="METHOD" missed="6" covered="2"/><counter type="CLASS" missed="0" covered="1"/></sourcefile><sourcefile name="UserService.java"><line nr="25" mi="0" ci="5" mb="0" cb="0"/><line nr="29" mi="0" ci="2" mb="0" cb="0"/><line nr="30" mi="0" ci="3" mb="0" cb="0"/><line nr="31" mi="0" ci="1" mb="0" cb="0"/><line nr="37" mi="0" ci="4" mb="0" cb="0"/><line nr="39" mi="0" ci="2" mb="0" cb="2"/><line nr="41" mi="0" ci="3" mb="0" cb="0"/><line nr="45" mi="0" ci="4" mb="0" cb="0"/><line nr="52" mi="5" ci="0" mb="0" cb="0"/><line nr="55" mi="2" ci="0" mb="2" cb="0"/><line nr="57" mi="4" ci="0" mb="0" cb="0"/><line nr="60" mi="3" ci="0" mb="0" cb="0"/><line nr="68" mi="0" ci="5" mb="0" cb="0"/><line nr="77" mi="0" ci="7" mb="0" cb="0"/><line nr="78" mi="0" ci="3" mb="1" cb="1"/><line nr="79" mi="5" ci="0" mb="0" cb="0"/><line nr="81" mi="0" ci="5" mb="0" cb="0"/><line nr="82" mi="0" ci="4" mb="0" cb="0"/><line nr="83" mi="0" ci="3" mb="0" cb="0"/><line nr="84" mi="0" ci="2" mb="0" cb="0"/><line nr="85" mi="0" ci="2" mb="0" cb="0"/><line nr="86" mi="0" ci="2" mb="0" cb="0"/><line nr="87" mi="0" ci="3" mb="0" cb="0"/><line nr="89" mi="0" ci="5" mb="0" cb="0"/><line nr="92" mi="0" ci="2" mb="0" cb="0"/><line nr="99" mi="0" ci="5" mb="0" cb="0"/><line nr="100" mi="0" ci="2" mb="0" cb="2"/><line nr="102" mi="0" ci="3" mb="0" cb="0"/><line nr="106" mi="0" ci="4" mb="0" cb="0"/><line nr="112" mi="0" ci="5" mb="0" cb="0"/><line nr="113" mi="0" ci="2" mb="0" cb="2"/><line nr="115" mi="0" ci="3" mb="0" cb="0"/><line nr="119" mi="0" ci="4" mb="0" cb="0"/><counter type="INSTRUCTION" missed="19" covered="95"/><counter type="BRANCH" missed="3" covered="7"/><counter type="LINE" missed="5" covered="28"/><counter type="COMPLEXITY" missed="3" covered="9"/><counter type="METHOD" missed="1" covered="6"/><counter type="CLASS" missed="0" covered="1"/></sourcefile><sourcefile name="FileStorageService.java"><line nr="16" mi="0" ci="6" mb="0" cb="0"/><line nr="23" mi="0" ci="2" mb="0" cb="0"/><line nr="24" mi="0" ci="3" mb="0" cb="0"/><line nr="25" mi="0" ci="1" mb="0" cb="0"/><line nr="30" mi="11" ci="0" mb="0" cb="0"/><line nr="31" mi="5" ci="0" mb="0" cb="0"/><line nr="32" mi="7" ci="0" mb="0" cb="0"/><line nr="34" mi="0" ci="1" mb="0" cb="0"/><line nr="35" mi="0" ci="7" mb="0" cb="0"/><line nr="36" mi="1" ci="0" mb="0" cb="0"/><line nr="39" mi="1" ci="0" mb="0" cb="0"/><line nr="44" mi="0" ci="6" mb="0" cb="0"/><line nr="45" mi="0" ci="8" mb="0" cb="0"/><line nr="46" mi="0" ci="5" mb="0" cb="0"/><line nr="48" mi="2" ci="0" mb="0" cb="0"/><line nr="50" mi="1" ci="4" mb="0" cb="0"/><line nr="53" mi="0" ci="1" mb="0" cb="0"/><counter type="INSTRUCTION" missed="28" covered="44"/><counter type="LINE" missed="6" covered="11"/><counter type="COMPLEXITY" missed="0" covered="3"/><counter type="METHOD" missed="0" covered="3"/><counter type="CLASS" missed="0" covered="1"/></sourcefile><sourcefile name="MovieService.java"><line nr="26" mi="0" ci="2" mb="0" cb="0"/><line nr="28" mi="0" ci="3" mb="0" cb="0"/><line nr="29" mi="0" ci="3" mb="0" cb="0"/><line nr="30" mi="0" ci="1" mb="0" cb="0"/><line nr="36" mi="5" ci="0" mb="0" cb="0"/><line nr="38" mi="2" ci="0" mb="2" cb="0"/><line nr="40" mi="4" ci="0" mb="0" cb="0"/><line nr="43" mi="3" ci="0" mb="0" cb="0"/><line nr="51" mi="0" ci="5" mb="0" cb="0"/><line nr="52" mi="0" ci="2" mb="0" cb="2"/><line nr="54" mi="0" ci="3" mb="0" cb="0"/><line nr="58" mi="0" ci="4" mb="0" cb="0"/><line nr="64" mi="0" ci="5" mb="0" cb="0"/><line nr="65" mi="0" ci="4" mb="0" cb="2"/><line nr="67" mi="0" ci="2" mb="0" cb="0"/><line nr="71" mi="0" ci="2" mb="0" cb="0"/><line nr="78" mi="0" ci="5" mb="0" cb="0"/><line nr="79" mi="0" ci="2" mb="0" cb="2"/><line nr="81" mi="0" ci="3" mb="0" cb="0"/><line nr="85" mi="0" ci="4" mb="0" cb="0"/><line nr="93" mi="0" ci="2" mb="0" cb="0"/><line nr="94" mi="0" ci="5" mb="1" cb="1"/><line nr="95" mi="0" ci="2" mb="0" cb="0"/><line nr="97" mi="0" ci="6" mb="0" cb="0"/><line nr="99" mi="0" ci="7" mb="1" cb="1"/><line nr="101" mi="0" ci="2" mb="0" cb="0"/><line nr="103" mi="0" ci="2" mb="0" cb="0"/><line nr="109" mi="0" ci="2" mb="0" cb="0"/><line nr="110" mi="0" ci="5" mb="1" cb="1"/><line nr="111" mi="0" ci="2" mb="0" cb="0"/><line nr="114" mi="0" ci="2" mb="0" cb="0"/><line nr="118" mi="0" ci="5" mb="0" cb="0"/><line nr="119" mi="0" ci="4" mb="0" cb="0"/><line nr="120" mi="0" ci="4" mb="0" cb="0"/><line nr="121" mi="0" ci="4" mb="0" cb="0"/><line nr="122" mi="0" ci="4" mb="0" cb="0"/><line nr="124" mi="0" ci="2" mb="0" cb="0"/><counter type="INSTRUCTION" missed="14" covered="110"/><counter type="BRANCH" missed="5" covered="9"/><counter type="LINE" missed="4" covered="33"/><counter type="COMPLEXITY" missed="5" covered="10"/><counter type="METHOD" missed="1" covered="7"/><counter type="CLASS" missed="0" covered="1"/></sourcefile><sourcefile name="AuthenticationUserDetailService.java"><line nr="17" mi="0" ci="6" mb="0" cb="0"/><line nr="22" mi="5" ci="0" mb="0" cb="0"/><line nr="23" mi="2" ci="0" mb="2" cb="0"/><line nr="24" mi="5" ci="0" mb="0" cb="0"/><line nr="26" mi="6" ci="0" mb="0" cb="0"/><line nr="27" mi="6" ci="0" mb="0" cb="0"/><line nr="31" mi="11" ci="0" mb="0" cb="0"/><counter type="INSTRUCTION" missed="35" covered="6"/><counter type="BRANCH" missed="2" covered="0"/><counter type="LINE" missed="6" covered="1"/><counter type="COMPLEXITY" missed="3" covered="1"/><counter type="METHOD" missed="2" covered="1"/><counter type="CLASS" missed="0" covered="1"/></sourcefile><counter type="INSTRUCTION" missed="185" covered="273"/><counter type="BRANCH" missed="23" covered="17"/><counter type="LINE" missed="45" covered="78"/><counter type="COMPLEXITY" missed="24" covered="25"/><counter type="METHOD" missed="10" covered="19"/><counter type="CLASS" missed="0" covered="5"/></package><package name="com/example/cinemasystem/enums"><class name="com/example/cinemasystem/enums/Genre" sourcefilename="Genre.java"><method name="&lt;clinit&gt;" desc="()V" line="3"><counter type="INSTRUCTION" missed="0" covered="84"/><counter type="LINE" missed="0" covered="9"/><counter type="COMPLEXITY" missed="0" covered="1"/><counter type="METHOD" missed="0" covered="1"/></method><counter type="INSTRUCTION" missed="0" covered="84"/><counter type="LINE" missed="0" covered="9"/><counter type="COMPLEXITY" missed="0" covered="1"/><counter type="METHOD" missed="0" covered="1"/><counter type="CLASS" missed="0" covered="1"/></class><sourcefile name="Genre.java"><line nr="3" mi="0" ci="36" mb="0" cb="0"/><line nr="4" mi="0" ci="6" mb="0" cb="0"/><line nr="5" mi="0" ci="6" mb="0" cb="0"/><line nr="6" mi="0" ci="6" mb="0" cb="0"/><line nr="7" mi="0" ci="6" mb="0" cb="0"/><line nr="8" mi="0" ci="6" mb="0" cb="0"/><line nr="9" mi="0" ci="6" mb="0" cb="0"/><line nr="10" mi="0" ci="6" mb="0" cb="0"/><line nr="11" mi="0" ci="6" mb="0" cb="0"/><counter type="INSTRUCTION" missed="0" covered="84"/><counter type="LINE" missed="0" covered="9"/><counter type="COMPLEXITY" missed="0" covered="1"/><counter type="METHOD" missed="0" covered="1"/><counter type="CLASS" missed="0" covered="1"/></sourcefile><counter type="INSTRUCTION" missed="0" covered="84"/><counter type="LINE" missed="0" covered="9"/><counter type="COMPLEXITY" missed="0" covered="1"/><counter type="METHOD" missed="0" covered="1"/><counter type="CLASS" missed="0" covered="1"/></package><package name="com/example/cinemasystem/config"><class name="com/example/cinemasystem/config/AuthenticationConfigConstants" sourcefilename="AuthenticationConfigConstants.java"><method name="&lt;init&gt;" desc="()V" line="10"><counter type="INSTRUCTION" missed="7" covered="0"/><counter type="LINE" missed="2" covered="0"/><counter type="COMPLEXITY" missed="1" covered="0"/><counter type="METHOD" missed="1" covered="0"/></method><counter type="INSTRUCTION" missed="7" covered="0"/><counter type="LINE" missed="2" covered="0"/><counter type="COMPLEXITY" missed="1" covered="0"/><counter type="METHOD" missed="1" covered="0"/><counter type="CLASS" missed="1" covered="0"/></class><class name="com/example/cinemasystem/config/SecurityConfiguration" sourcefilename="SecurityConfiguration.java"><method name="configure" desc="(Lorg/springframework/security/config/annotation/web/builders/HttpSecurity;)V" line="24"><counter type="INSTRUCTION" missed="0" covered="125"/><counter type="LINE" missed="0" covered="17"/><counter type="COMPLEXITY" missed="0" covered="1"/><counter type="METHOD" missed="0" covered="1"/></method><method name="configure" desc="(Lorg/springframework/security/config/annotation/authentication/builders/AuthenticationManagerBuilder;)V" line="48"><counter type="INSTRUCTION" missed="0" covered="9"/><counter type="LINE" missed="0" covered="2"/><counter type="COMPLEXITY" missed="0" covered="1"/><counter type="METHOD" missed="0" covered="1"/></method><method name="&lt;init&gt;" desc="(Lorg/springframework/security/crypto/bcrypt/BCryptPasswordEncoder;Lcom/example/cinemasystem/service/AuthenticationUserDetailService;)V" line="17"><counter type="INSTRUCTION" missed="0" covered="9"/><counter type="LINE" missed="0" covered="1"/><counter type="COMPLEXITY" missed="0" covered="1"/><counter type="METHOD" missed="0" covered="1"/></method><method name="lambda$configure$0" desc="(Ljavax/servlet/http/HttpServletRequest;)Lorg/springframework/web/cors/CorsConfiguration;" line="24"><counter type="INSTRUCTION" missed="5" covered="0"/><counter type="LINE" missed="1" covered="0"/><counter type="COMPLEXITY" missed="1" covered="0"/><counter type="METHOD" missed="1" covered="0"/></method><counter type="INSTRUCTION" missed="5" covered="143"/><counter type="LINE" missed="0" covered="20"/><counter type="COMPLEXITY" missed="1" covered="3"/><counter type="METHOD" missed="1" covered="3"/><counter type="CLASS" missed="0" covered="1"/></class><class name="com/example/cinemasystem/config/AsyncConfiguration" sourcefilename="AsyncConfiguration.java"><method name="&lt;init&gt;" desc="()V" line="12"><counter type="INSTRUCTION" missed="0" covered="3"/><counter type="LINE" missed="0" covered="1"/><counter type="COMPLEXITY" missed="0" covered="1"/><counter type="METHOD" missed="0" covered="1"/></method><method name="asyncExecutor" desc="()Ljava/util/concurrent/Executor;" line="15"><counter type="INSTRUCTION" missed="0" covered="20"/><counter type="LINE" missed="0" covered="7"/><counter type="COMPLEXITY" missed="0" covered="1"/><counter type="METHOD" missed="0" covered="1"/></method><counter type="INSTRUCTION" missed="0" covered="23"/><counter type="LINE" missed="0" covered="8"/><counter type="COMPLEXITY" missed="0" covered="2"/><counter type="METHOD" missed="0" covered="2"/><counter type="CLASS" missed="0" covered="1"/></class><class name="com/example/cinemasystem/config/WebConfiguration" sourcefilename="WebConfiguration.java"><method name="&lt;init&gt;" desc="()V" line="9"><counter type="INSTRUCTION" missed="0" covered="3"/><counter type="LINE" missed="0" covered="1"/><counter type="COMPLEXITY" missed="0" covered="1"/><counter type="METHOD" missed="0" covered="1"/></method><method name="bCryptPasswordEncoder" desc="()Lorg/springframework/security/crypto/bcrypt/BCryptPasswordEncoder;" line="12"><counter type="INSTRUCTION" missed="0" covered="4"/><counter type="LINE" missed="0" covered="1"/><counter type="COMPLEXITY" missed="0" covered="1"/><counter type="METHOD" missed="0" covered="1"/></method><counter type="INSTRUCTION" missed="0" covered="7"/><counter type="LINE" missed="0" covered="2"/><counter type="COMPLEXITY" missed="0" covered="2"/><counter type="METHOD" missed="0" covered="2"/><counter type="CLASS" missed="0" covered="1"/></class><sourcefile name="WebConfiguration.java"><line nr="9" mi="0" ci="3" mb="0" cb="0"/><line nr="12" mi="0" ci="4" mb="0" cb="0"/><counter type="INSTRUCTION" missed="0" covered="7"/><counter type="LINE" missed="0" covered="2"/><counter type="COMPLEXITY" missed="0" covered="2"/><counter type="METHOD" missed="0" covered="2"/><counter type="CLASS" missed="0" covered="1"/></sourcefile><sourcefile name="SecurityConfiguration.java"><line nr="17" mi="0" ci="9" mb="0" cb="0"/><line nr="24" mi="5" ci="9" mb="0" cb="0"/><line nr="25" mi="0" ci="12" mb="0" cb="0"/><line nr="26" mi="0" ci="9" mb="0" cb="0"/><line nr="29" mi="0" ci="9" mb="0" cb="0"/><line nr="30" mi="0" ci="9" mb="0" cb="0"/><line nr="31" mi="0" ci="15" mb="0" cb="0"/><line nr="32" mi="0" ci="9" mb="0" cb="0"/><line nr="33" mi="0" ci="9" mb="0" cb="0"/><line nr="34" mi="0" ci="9" mb="0" cb="0"/><line nr="35" mi="0" ci="10" mb="0" cb="0"/><line nr="36" mi="0" ci="3" mb="0" cb="0"/><line nr="38" mi="0" ci="3" mb="0" cb="0"/><line nr="39" mi="0" ci="5" mb="0" cb="0"/><line nr="40" mi="0" ci="6" mb="0" cb="0"/><line nr="41" mi="0" ci="3" mb="0" cb="0"/><line nr="43" mi="0" ci="4" mb="0" cb="0"/><line nr="44" mi="0" ci="1" mb="0" cb="0"/><line nr="48" mi="0" ci="8" mb="0" cb="0"/><line nr="49" mi="0" ci="1" mb="0" cb="0"/><counter type="INSTRUCTION" missed="5" covered="143"/><counter type="LINE" missed="0" covered="20"/><counter type="COMPLEXITY" missed="1" covered="3"/><counter type="METHOD" missed="1" covered="3"/><counter type="CLASS" missed="0" covered="1"/></sourcefile><sourcefile name="AuthenticationConfigConstants.java"><line nr="10" mi="2" ci="0" mb="0" cb="0"/><line nr="11" mi="5" ci="0" mb="0" cb="0"/><counter type="INSTRUCTION" missed="7" covered="0"/><counter type="LINE" missed="2" covered="0"/><counter type="COMPLEXITY" missed="1" covered="0"/><counter type="METHOD" missed="1" covered="0"/><counter type="CLASS" missed="1" covered="0"/></sourcefile><sourcefile name="AsyncConfiguration.java"><line nr="12" mi="0" ci="3" mb="0" cb="0"/><line nr="15" mi="0" ci="4" mb="0" cb="0"/><line nr="16" mi="0" ci="3" mb="0" cb="0"/><line nr="17" mi="0" ci="3" mb="0" cb="0"/><line nr="18" mi="0" ci="3" mb="0" cb="0"/><line nr="19" mi="0" ci="3" mb="0" cb="0"/><line nr="20" mi="0" ci="2" mb="0" cb="0"/><line nr="21" mi="0" ci="2" mb="0" cb="0"/><counter type="INSTRUCTION" missed="0" covered="23"/><counter type="LINE" missed="0" covered="8"/><counter type="COMPLEXITY" missed="0" covered="2"/><counter type="METHOD" missed="0" covered="2"/><counter type="CLASS" missed="0" covered="1"/></sourcefile><counter type="INSTRUCTION" missed="12" covered="173"/><counter type="LINE" missed="2" covered="30"/><counter type="COMPLEXITY" missed="2" covered="7"/><counter type="METHOD" missed="2" covered="7"/><counter type="CLASS" missed="1" covered="3"/></package><package name="com/example/cinemasystem/serviceInterfaces"><class name="com/example/cinemasystem/serviceInterfaces/IAccount" sourcefilename="IAccount.java"/><class name="com/example/cinemasystem/serviceInterfaces/IFileStorageService" sourcefilename="IFileStorageService.java"/><class name="com/example/cinemasystem/serviceInterfaces/IUserService" sourcefilename="IUserService.java"/><class name="com/example/cinemasystem/serviceInterfaces/IMovie" sourcefilename="IMovie.java"/><class name="com/example/cinemasystem/serviceInterfaces/IReservationService" sourcefilename="IReservationService.java"/><class name="com/example/cinemasystem/serviceInterfaces/IReservation" sourcefilename="IReservation.java"/><class name="com/example/cinemasystem/serviceInterfaces/IMovieService" sourcefilename="IMovieService.java"/><sourcefile name="IUserService.java"/><sourcefile name="IAccount.java"/><sourcefile name="IMovie.java"/><sourcefile name="IReservationService.java"/><sourcefile name="IMovieService.java"/><sourcefile name="IFileStorageService.java"/><sourcefile name="IReservation.java"/></package><package name="com/example/cinemasystem/repository"><class name="com/example/cinemasystem/repository/JDBCRepository" sourcefilename="JDBCRepository.java"><method name="&lt;init&gt;" desc="()V" line="10"><counter type="INSTRUCTION" missed="0" covered="3"/><counter type="LINE" missed="0" covered="1"/><counter type="COMPLEXITY" missed="0" covered="1"/><counter type="METHOD" missed="0" covered="1"/></method><method name="getDatabaseConnection" desc="()Ljava/sql/Connection;" line="16"><counter type="INSTRUCTION" missed="33" covered="0"/><counter type="LINE" missed="8" covered="0"/><counter type="COMPLEXITY" missed="1" covered="0"/><counter type="METHOD" missed="1" covered="0"/></method><counter type="INSTRUCTION" missed="33" covered="3"/><counter type="LINE" missed="8" covered="1"/><counter type="COMPLEXITY" missed="1" covered="1"/><counter type="METHOD" missed="1" covered="1"/><counter type="CLASS" missed="0" covered="1"/></class><class name="com/example/cinemasystem/repository/MovieDalJDBC" sourcefilename="MovieDalJDBC.java"><method name="&lt;init&gt;" desc="()V" line="17"><counter type="INSTRUCTION" missed="0" covered="3"/><counter type="LINE" missed="0" covered="1"/><counter type="COMPLEXITY" missed="0" covered="1"/><counter type="METHOD" missed="0" covered="1"/></method><method name="getAllMovies" desc="()Ljava/util/List;" line="24"><counter type="INSTRUCTION" missed="86" covered="0"/><counter type="BRANCH" missed="4" covered="0"/><counter type="LINE" missed="27" covered="0"/><counter type="COMPLEXITY" missed="3" covered="0"/><counter type="METHOD" missed="1" covered="0"/></method><method name="getMovieById" desc="(I)Lcom/example/cinemasystem/serviceInterfaces/IMovie;" line="70"><counter type="INSTRUCTION" missed="83" covered="0"/><counter type="BRANCH" missed="2" covered="0"/><counter type="LINE" missed="26" covered="0"/><counter type="COMPLEXITY" missed="2" covered="0"/><counter type="METHOD" missed="1" covered="0"/></method><method name="getMovieIdByTitle" desc="(Ljava/lang/String;)I" line="116"><counter type="INSTRUCTION" missed="46" covered="0"/><counter type="BRANCH" missed="2" covered="0"/><counter type="LINE" missed="19" covered="0"/><counter type="COMPLEXITY" missed="2" covered="0"/><counter type="METHOD" missed="1" covered="0"/></method><method name="getPhotoByMovieId" desc="(I)Ljava/lang/String;" line="153"><counter type="INSTRUCTION" missed="46" covered="0"/><counter type="BRANCH" missed="2" covered="0"/><counter type="LINE" missed="18" covered="0"/><counter type="COMPLEXITY" missed="2" covered="0"/><counter type="METHOD" missed="1" covered="0"/></method><method name="getTrailerByMovieId" desc="(I)Lcom/example/cinemasystem/model/Trailer;" line="189"><counter type="INSTRUCTION" missed="57" covered="0"/><counter type="BRANCH" missed="4" covered="0"/><counter type="LINE" missed="21" covered="0"/><counter type="COMPLEXITY" missed="3" covered="0"/><counter type="METHOD" missed="1" covered="0"/></method><method name="addMovie" desc="(Lcom/example/cinemasystem/model/request/MovieCreateRequest;)Z" line="230"><counter type="INSTRUCTION" missed="70" covered="0"/><counter type="BRANCH" missed="2" covered="0"/><counter type="LINE" missed="22" covered="0"/><counter type="COMPLEXITY" missed="2" covered="0"/><counter type="METHOD" missed="1" covered="0"/></method><method name="addTrailerToMovie" desc="(ILjava/lang/String;)Z" line="270"><counter type="INSTRUCTION" missed="45" covered="0"/><counter type="BRANCH" missed="2" covered="0"/><counter type="LINE" missed="18" covered="0"/><counter type="COMPLEXITY" missed="2" covered="0"/><counter type="METHOD" missed="1" covered="0"/></method><method name="addPosterToMovie" desc="(Ljava/lang/String;I)Z" line="304"><counter type="INSTRUCTION" missed="45" covered="0"/><counter type="BRANCH" missed="2" covered="0"/><counter type="LINE" missed="18" covered="0"/><counter type="COMPLEXITY" missed="2" covered="0"/><counter type="METHOD" missed="1" covered="0"/></method><method name="deleteMovie" desc="(I)V" line="338"><counter type="INSTRUCTION" missed="36" covered="0"/><counter type="BRANCH" missed="2" covered="0"/><counter type="LINE" missed="15" covered="0"/><counter type="COMPLEXITY" missed="2" covered="0"/><counter type="METHOD" missed="1" covered="0"/></method><method name="deletePosterOfMovie" desc="(I)V" line="368"><counter type="INSTRUCTION" missed="36" covered="0"/><counter type="BRANCH" missed="2" covered="0"/><counter type="LINE" missed="15" covered="0"/><counter type="COMPLEXITY" missed="2" covered="0"/><counter type="METHOD" missed="1" covered="0"/></method><method name="editMovie" desc="(Lcom/example/cinemasystem/model/request/MovieEditRequest;)Z" line="398"><counter type="INSTRUCTION" missed="75" covered="0"/><counter type="BRANCH" missed="2" covered="0"/><counter type="LINE" missed="23" covered="0"/><counter type="COMPLEXITY" missed="2" covered="0"/><counter type="METHOD" missed="1" covered="0"/></method><method name="deleteTrailerOfMovie" desc="(I)V" line="440"><counter type="INSTRUCTION" missed="36" covered="0"/><counter type="BRANCH" missed="2" covered="0"/><counter type="LINE" missed="15" covered="0"/><counter type="COMPLEXITY" missed="2" covered="0"/><counter type="METHOD" missed="1" covered="0"/></method><counter type="INSTRUCTION" missed="661" covered="3"/><counter type="BRANCH" missed="28" covered="0"/><counter type="LINE" missed="237" covered="1"/><counter type="COMPLEXITY" missed="26" covered="1"/><counter type="METHOD" missed="12" covered="1"/><counter type="CLASS" missed="0" covered="1"/></class><class name="com/example/cinemasystem/repository/AccountDalJDBC" sourcefilename="AccountDalJDBC.java"><method name="&lt;init&gt;" desc="()V" line="15"><counter type="INSTRUCTION" missed="0" covered="3"/><counter type="LINE" missed="0" covered="1"/><counter type="COMPLEXITY" missed="0" covered="1"/><counter type="METHOD" missed="0" covered="1"/></method><method name="getAllAccounts" desc="()Ljava/util/List;" line="19"><counter type="INSTRUCTION" missed="84" covered="0"/><counter type="BRANCH" missed="4" covered="0"/><counter type="LINE" missed="26" covered="0"/><counter type="COMPLEXITY" missed="3" covered="0"/><counter type="METHOD" missed="1" covered="0"/></method><method name="getAccountById" desc="(I)Lcom/example/cinemasystem/serviceInterfaces/IAccount;" line="64"><counter type="INSTRUCTION" missed="81" covered="0"/><counter type="BRANCH" missed="2" covered="0"/><counter type="LINE" missed="25" covered="0"/><counter type="COMPLEXITY" missed="2" covered="0"/><counter type="METHOD" missed="1" covered="0"/></method><method name="getAccountByUsername" desc="(Ljava/lang/String;)Lcom/example/cinemasystem/serviceInterfaces/IAccount;" line="110"><counter type="INSTRUCTION" missed="83" covered="0"/><counter type="BRANCH" missed="2" covered="0"/><counter type="LINE" missed="26" covered="0"/><counter type="COMPLEXITY" missed="2" covered="0"/><counter type="METHOD" missed="1" covered="0"/></method><method name="addAccount" desc="(Lcom/example/cinemasystem/serviceInterfaces/IAccount;)Z" line="159"><counter type="INSTRUCTION" missed="67" covered="0"/><counter type="BRANCH" missed="2" covered="0"/><counter type="LINE" missed="21" covered="0"/><counter type="COMPLEXITY" missed="2" covered="0"/><counter type="METHOD" missed="1" covered="0"/></method><counter type="INSTRUCTION" missed="315" covered="3"/><counter type="BRANCH" missed="10" covered="0"/><counter type="LINE" missed="98" covered="1"/><counter type="COMPLEXITY" missed="9" covered="1"/><counter type="METHOD" missed="4" covered="1"/><counter type="CLASS" missed="0" covered="1"/></class><class name="com/example/cinemasystem/repository/ReservationDalJDBC" sourcefilename="ReservationDalJDBC.java"><method name="&lt;init&gt;" desc="()V" line="14"><counter type="INSTRUCTION" missed="0" covered="3"/><counter type="LINE" missed="0" covered="1"/><counter type="COMPLEXITY" missed="0" covered="1"/><counter type="METHOD" missed="0" covered="1"/></method><method name="getAllReservations" desc="()Ljava/util/List;" line="18"><counter type="INSTRUCTION" missed="100" covered="0"/><counter type="BRANCH" missed="4" covered="0"/><counter type="LINE" missed="29" covered="0"/><counter type="COMPLEXITY" missed="3" covered="0"/><counter type="METHOD" missed="1" covered="0"/></method><method name="makeReservation" desc="(ILcom/example/cinemasystem/model/request/ReservationRequest;)Z" line="65"><counter type="INSTRUCTION" missed="69" covered="0"/><counter type="BRANCH" missed="2" covered="0"/><counter type="LINE" missed="23" covered="0"/><counter type="COMPLEXITY" missed="2" covered="0"/><counter type="METHOD" missed="1" covered="0"/></method><method name="getAllReservationsByAccount" desc="(I)Ljava/util/List;" line="101"><counter type="INSTRUCTION" missed="95" covered="0"/><counter type="BRANCH" missed="4" covered="0"/><counter type="LINE" missed="28" covered="0"/><counter type="COMPLEXITY" missed="3" covered="0"/><counter type="METHOD" missed="1" covered="0"/></method><method name="getAllReservationsByAccountForCurrentMonth" desc="(II)Ljava/util/List;" line="147"><counter type="INSTRUCTION" missed="99" covered="0"/><counter type="BRANCH" missed="4" covered="0"/><counter type="LINE" missed="29" covered="0"/><counter type="COMPLEXITY" missed="3" covered="0"/><counter type="METHOD" missed="1" covered="0"/></method><method name="getAllReservationsForCurrentMonth" desc="(I)Ljava/util/List;" line="194"><counter type="INSTRUCTION" missed="104" covered="0"/><counter type="BRANCH" missed="4" covered="0"/><counter type="LINE" missed="30" covered="0"/><counter type="COMPLEXITY" missed="3" covered="0"/><counter type="METHOD" missed="1" covered="0"/></method><method name="getAllReservationsByAccountOrderedByPrice" desc="(I)Ljava/util/List;" line="242"><counter type="INSTRUCTION" missed="95" covered="0"/><counter type="BRANCH" missed="4" covered="0"/><counter type="LINE" missed="28" covered="0"/><counter type="COMPLEXITY" missed="3" covered="0"/><counter type="METHOD" missed="1" covered="0"/></method><method name="getAllReservationsOrderedByPrice" desc="()Ljava/util/List;" line="287"><counter type="INSTRUCTION" missed="100" covered="0"/><counter type="BRANCH" missed="4" covered="0"/><counter type="LINE" missed="29" covered="0"/><counter type="COMPLEXITY" missed="3" covered="0"/><counter type="METHOD" missed="1" covered="0"/></method><counter type="INSTRUCTION" missed="662" covered="3"/><counter type="BRANCH" missed="26" covered="0"/><counter type="LINE" missed="196" covered="1"/><counter type="COMPLEXITY" missed="20" covered="1"/><counter type="METHOD" missed="7" covered="1"/><counter type="CLASS" missed="0" covered="1"/></class><sourcefile name="AccountDalJDBC.java"><line nr="15" mi="0" ci="3" mb="0" cb="0"/><line nr="19" mi="4" ci="0" mb="0" cb="0"/><line nr="20" mi="3" ci="0" mb="0" cb="0"/><line nr="21" mi="2" ci="0" mb="0" cb="0"/><line nr="22" mi="2" ci="0" mb="0" cb="0"/><line nr="25" mi="3" ci="0" mb="0" cb="0"/><line nr="26" mi="4" ci="0" mb="0" cb="0"/><line nr="29" mi="3" ci="0" mb="2" cb="0"/><line nr="30" mi="4" ci="0" mb="0" cb="0"/><line nr="31" mi="4" ci="0" mb="0" cb="0"/><line nr="32" mi="4" ci="0" mb="0" cb="0"/><line nr="33" mi="4" ci="0" mb="0" cb="0"/><line nr="34" mi="4" ci="0" mb="0" cb="0"/><line nr="35" mi="4" ci="0" mb="0" cb="0"/><line nr="36" mi="4" ci="0" mb="0" cb="0"/><line nr="38" mi="11" ci="0" mb="0" cb="0"/><line nr="39" mi="4" ci="0" mb="0" cb="0"/><line nr="40" mi="1" ci="0" mb="0" cb="0"/><line nr="42" mi="4" ci="0" mb="0" cb="0"/><line nr="46" mi="2" ci="0" mb="2" cb="0"/><line nr="48" mi="2" ci="0" mb="0" cb="0"/><line nr="50" mi="2" ci="0" mb="0" cb="0"/><line nr="51" mi="2" ci="0" mb="0" cb="0"/><line nr="53" mi="1" ci="0" mb="0" cb="0"/><line nr="54" mi="3" ci="0" mb="0" cb="0"/><line nr="55" mi="1" ci="0" mb="0" cb="0"/><line nr="58" mi="2" ci="0" mb="0" cb="0"/><line nr="64" mi="2" ci="0" mb="0" cb="0"/><line nr="65" mi="3" ci="0" mb="0" cb="0"/><line nr="66" mi="2" ci="0" mb="0" cb="0"/><line nr="67" mi="2" ci="0" mb="0" cb="0"/><line nr="70" mi="4" ci="0" mb="0" cb="0"/><line nr="71" mi="4" ci="0" mb="0" cb="0"/><line nr="73" mi="3" ci="0" mb="0" cb="0"/><line nr="74" mi="3" ci="0" mb="0" cb="0"/><line nr="76" mi="4" ci="0" mb="0" cb="0"/><line nr="77" mi="4" ci="0" mb="0" cb="0"/><line nr="78" mi="4" ci="0" mb="0" cb="0"/><line nr="79" mi="4" ci="0" mb="0" cb="0"/><line nr="80" mi="4" ci="0" mb="0" cb="0"/><line nr="81" mi="4" ci="0" mb="0" cb="0"/><line nr="82" mi="4" ci="0" mb="0" cb="0"/><line nr="84" mi="11" ci="0" mb="0" cb="0"/><line nr="88" mi="4" ci="0" mb="0" cb="0"/><line nr="92" mi="2" ci="0" mb="2" cb="0"/><line nr="94" mi="2" ci="0" mb="0" cb="0"/><line nr="96" mi="2" ci="0" mb="0" cb="0"/><line nr="97" mi="2" ci="0" mb="0" cb="0"/><line nr="99" mi="1" ci="0" mb="0" cb="0"/><line nr="100" mi="3" ci="0" mb="0" cb="0"/><line nr="101" mi="1" ci="0" mb="0" cb="0"/><line nr="104" mi="2" ci="0" mb="0" cb="0"/><line nr="110" mi="2" ci="0" mb="0" cb="0"/><line nr="111" mi="3" ci="0" mb="0" cb="0"/><line nr="112" mi="2" ci="0" mb="0" cb="0"/><line nr="115" mi="4" ci="0" mb="0" cb="0"/><line nr="116" mi="4" ci="0" mb="0" cb="0"/><line nr="118" mi="3" ci="0" mb="0" cb="0"/><line nr="119" mi="3" ci="0" mb="0" cb="0"/><line nr="121" mi="4" ci="0" mb="0" cb="0"/><line nr="122" mi="4" ci="0" mb="0" cb="0"/><line nr="123" mi="4" ci="0" mb="0" cb="0"/><line nr="124" mi="4" ci="0" mb="0" cb="0"/><line nr="125" mi="4" ci="0" mb="0" cb="0"/><line nr="126" mi="4" ci="0" mb="0" cb="0"/><line nr="127" mi="4" ci="0" mb="0" cb="0"/><line nr="129" mi="11" ci="0" mb="0" cb="0"/><line nr="131" mi="4" ci="0" mb="0" cb="0"/><line nr="133" mi="1" ci="0" mb="0" cb="0"/><line nr="135" mi="3" ci="0" mb="0" cb="0"/><line nr="141" mi="2" ci="0" mb="2" cb="0"/><line nr="143" mi="2" ci="0" mb="0" cb="0"/><line nr="145" mi="2" ci="0" mb="0" cb="0"/><line nr="146" mi="2" ci="0" mb="0" cb="0"/><line nr="148" mi="1" ci="0" mb="0" cb="0"/><line nr="149" mi="3" ci="0" mb="0" cb="0"/><line nr="150" mi="1" ci="0" mb="0" cb="0"/><line nr="153" mi="2" ci="0" mb="0" cb="0"/><line nr="159" mi="3" ci="0" mb="0" cb="0"/><line nr="160" mi="2" ci="0" mb="0" cb="0"/><line nr="161" mi="2" ci="0" mb="0" cb="0"/><line nr="163" mi="4" ci="0" mb="0" cb="0"/><line nr="165" mi="5" ci="0" mb="0" cb="0"/><line nr="166" mi="5" ci="0" mb="0" cb="0"/><line nr="167" mi="5" ci="0" mb="0" cb="0"/><line nr="168" mi="5" ci="0" mb="0" cb="0"/><line nr="169" mi="5" ci="0" mb="0" cb="0"/><line nr="170" mi="5" ci="0" mb="0" cb="0"/><line nr="174" mi="3" ci="0" mb="0" cb="0"/><line nr="175" mi="4" ci="0" mb="0" cb="0"/><line nr="177" mi="4" ci="0" mb="0" cb="0"/><line nr="181" mi="2" ci="0" mb="2" cb="0"/><line nr="183" mi="2" ci="0" mb="0" cb="0"/><line nr="185" mi="2" ci="0" mb="0" cb="0"/><line nr="186" mi="2" ci="0" mb="0" cb="0"/><line nr="188" mi="1" ci="0" mb="0" cb="0"/><line nr="189" mi="3" ci="0" mb="0" cb="0"/><line nr="190" mi="1" ci="0" mb="0" cb="0"/><line nr="192" mi="2" ci="0" mb="0" cb="0"/><counter type="INSTRUCTION" missed="315" covered="3"/><counter type="BRANCH" missed="10" covered="0"/><counter type="LINE" missed="98" covered="1"/><counter type="COMPLEXITY" missed="9" covered="1"/><counter type="METHOD" missed="4" covered="1"/><counter type="CLASS" missed="0" covered="1"/></sourcefile><sourcefile name="JDBCRepository.java"><line nr="10" mi="0" ci="3" mb="0" cb="0"/><line nr="16" mi="5" ci="0" mb="0" cb="0"/><line nr="17" mi="5" ci="0" mb="0" cb="0"/><line nr="18" mi="5" ci="0" mb="0" cb="0"/><line nr="21" mi="5" ci="0" mb="0" cb="0"/><line nr="22" mi="3" ci="0" mb="0" cb="0"/><line nr="23" mi="2" ci="0" mb="0" cb="0"/><line nr="25" mi="1" ci="0" mb="0" cb="0"/><line nr="26" mi="7" ci="0" mb="0" cb="0"/><counter type="INSTRUCTION" missed="33" covered="3"/><counter type="LINE" missed="8" covered="1"/><counter type="COMPLEXITY" missed="1" covered="1"/><counter type="METHOD" missed="1" covered="1"/><counter type="CLASS" missed="0" covered="1"/></sourcefile><sourcefile name="MovieDalJDBC.java"><line nr="17" mi="0" ci="3" mb="0" cb="0"/><line nr="24" mi="4" ci="0" mb="0" cb="0"/><line nr="25" mi="3" ci="0" mb="0" cb="0"/><line nr="26" mi="2" ci="0" mb="0" cb="0"/><line nr="27" mi="2" ci="0" mb="0" cb="0"/><line nr="29" mi="3" ci="0" mb="0" cb="0"/><line nr="30" mi="4" ci="0" mb="0" cb="0"/><line nr="33" mi="3" ci="0" mb="2" cb="0"/><line nr="34" mi="4" ci="0" mb="0" cb="0"/><line nr="35" mi="4" ci="0" mb="0" cb="0"/><line nr="36" mi="4" ci="0" mb="0" cb="0"/><line nr="37" mi="4" ci="0" mb="0" cb="0"/><line nr="38" mi="4" ci="0" mb="0" cb="0"/><line nr="39" mi="5" ci="0" mb="0" cb="0"/><line nr="40" mi="4" ci="0" mb="0" cb="0"/><line nr="42" mi="12" ci="0" mb="0" cb="0"/><line nr="43" mi="4" ci="0" mb="0" cb="0"/><line nr="44" mi="1" ci="0" mb="0" cb="0"/><line nr="47" mi="1" ci="0" mb="0" cb="0"/><line nr="48" mi="3" ci="0" mb="0" cb="0"/><line nr="52" mi="2" ci="0" mb="2" cb="0"/><line nr="54" mi="2" ci="0" mb="0" cb="0"/><line nr="56" mi="2" ci="0" mb="0" cb="0"/><line nr="57" mi="2" ci="0" mb="0" cb="0"/><line nr="60" mi="1" ci="0" mb="0" cb="0"/><line nr="61" mi="3" ci="0" mb="0" cb="0"/><line nr="62" mi="1" ci="0" mb="0" cb="0"/><line nr="64" mi="2" ci="0" mb="0" cb="0"/><line nr="70" mi="2" ci="0" mb="0" cb="0"/><line nr="71" mi="3" ci="0" mb="0" cb="0"/><line nr="72" mi="2" ci="0" mb="0" cb="0"/><line nr="73" mi="2" ci="0" mb="0" cb="0"/><line nr="75" mi="4" ci="0" mb="0" cb="0"/><line nr="76" mi="4" ci="0" mb="0" cb="0"/><line nr="78" mi="3" ci="0" mb="0" cb="0"/><line nr="79" mi="3" ci="0" mb="0" cb="0"/><line nr="81" mi="4" ci="0" mb="0" cb="0"/><line nr="82" mi="4" ci="0" mb="0" cb="0"/><line nr="83" mi="4" ci="0" mb="0" cb="0"/><line nr="84" mi="4" ci="0" mb="0" cb="0"/><line nr="85" mi="4" ci="0" mb="0" cb="0"/><line nr="86" mi="5" ci="0" mb="0" cb="0"/><line nr="87" mi="4" ci="0" mb="0" cb="0"/><line nr="89" mi="12" ci="0" mb="0" cb="0"/><line nr="92" mi="1" ci="0" mb="0" cb="0"/><line nr="94" mi="3" ci="0" mb="0" cb="0"/><line nr="98" mi="2" ci="0" mb="2" cb="0"/><line nr="100" mi="2" ci="0" mb="0" cb="0"/><line nr="102" mi="2" ci="0" mb="0" cb="0"/><line nr="103" mi="2" ci="0" mb="0" cb="0"/><line nr="106" mi="1" ci="0" mb="0" cb="0"/><line nr="107" mi="3" ci="0" mb="0" cb="0"/><line nr="108" mi="1" ci="0" mb="0" cb="0"/><line nr="110" mi="2" ci="0" mb="0" cb="0"/><line nr="116" mi="2" ci="0" mb="0" cb="0"/><line nr="117" mi="3" ci="0" mb="0" cb="0"/><line nr="118" mi="2" ci="0" mb="0" cb="0"/><line nr="119" mi="2" ci="0" mb="0" cb="0"/><line nr="121" mi="4" ci="0" mb="0" cb="0"/><line nr="122" mi="4" ci="0" mb="0" cb="0"/><line nr="124" mi="3" ci="0" mb="0" cb="0"/><line nr="125" mi="3" ci="0" mb="0" cb="0"/><line nr="127" mi="4" ci="0" mb="0" cb="0"/><line nr="130" mi="1" ci="0" mb="0" cb="0"/><line nr="132" mi="3" ci="0" mb="0" cb="0"/><line nr="136" mi="2" ci="0" mb="2" cb="0"/><line nr="138" mi="2" ci="0" mb="0" cb="0"/><line nr="140" mi="2" ci="0" mb="0" cb="0"/><line nr="141" mi="2" ci="0" mb="0" cb="0"/><line nr="144" mi="1" ci="0" mb="0" cb="0"/><line nr="145" mi="3" ci="0" mb="0" cb="0"/><line nr="146" mi="1" ci="0" mb="0" cb="0"/><line nr="148" mi="2" ci="0" mb="0" cb="0"/><line nr="153" mi="2" ci="0" mb="0" cb="0"/><line nr="154" mi="3" ci="0" mb="0" cb="0"/><line nr="155" mi="2" ci="0" mb="0" cb="0"/><line nr="156" mi="2" ci="0" mb="0" cb="0"/><line nr="158" mi="4" ci="0" mb="0" cb="0"/><line nr="159" mi="4" ci="0" mb="0" cb="0"/><line nr="161" mi="3" ci="0" mb="0" cb="0"/><line nr="162" mi="3" ci="0" mb="0" cb="0"/><line nr="164" mi="4" ci="0" mb="0" cb="0"/><line nr="168" mi="4" ci="0" mb="0" cb="0"/><line nr="172" mi="2" ci="0" mb="2" cb="0"/><line nr="174" mi="2" ci="0" mb="0" cb="0"/><line nr="176" mi="2" ci="0" mb="0" cb="0"/><line nr="177" mi="2" ci="0" mb="0" cb="0"/><line nr="180" mi="1" ci="0" mb="0" cb="0"/><line nr="181" mi="3" ci="0" mb="0" cb="0"/><line nr="182" mi="1" ci="0" mb="0" cb="0"/><line nr="184" mi="2" ci="0" mb="0" cb="0"/><line nr="189" mi="2" ci="0" mb="0" cb="0"/><line nr="190" mi="3" ci="0" mb="0" cb="0"/><line nr="191" mi="2" ci="0" mb="0" cb="0"/><line nr="192" mi="2" ci="0" mb="0" cb="0"/><line nr="194" mi="4" ci="0" mb="0" cb="0"/><line nr="195" mi="4" ci="0" mb="0" cb="0"/><line nr="197" mi="3" ci="0" mb="0" cb="0"/><line nr="199" mi="3" ci="0" mb="2" cb="0"/><line nr="201" mi="4" ci="0" mb="0" cb="0"/><line nr="202" mi="4" ci="0" mb="0" cb="0"/><line nr="204" mi="6" ci="0" mb="0" cb="0"/><line nr="205" mi="1" ci="0" mb="0" cb="0"/><line nr="208" mi="4" ci="0" mb="0" cb="0"/><line nr="212" mi="2" ci="0" mb="2" cb="0"/><line nr="214" mi="2" ci="0" mb="0" cb="0"/><line nr="216" mi="2" ci="0" mb="0" cb="0"/><line nr="217" mi="2" ci="0" mb="0" cb="0"/><line nr="220" mi="1" ci="0" mb="0" cb="0"/><line nr="221" mi="3" ci="0" mb="0" cb="0"/><line nr="222" mi="1" ci="0" mb="0" cb="0"/><line nr="224" mi="2" ci="0" mb="0" cb="0"/><line nr="230" mi="3" ci="0" mb="0" cb="0"/><line nr="231" mi="2" ci="0" mb="0" cb="0"/><line nr="232" mi="2" ci="0" mb="0" cb="0"/><line nr="233" mi="2" ci="0" mb="0" cb="0"/><line nr="235" mi="4" ci="0" mb="0" cb="0"/><line nr="236" mi="5" ci="0" mb="0" cb="0"/><line nr="237" mi="5" ci="0" mb="0" cb="0"/><line nr="238" mi="6" ci="0" mb="0" cb="0"/><line nr="239" mi="6" ci="0" mb="0" cb="0"/><line nr="240" mi="6" ci="0" mb="0" cb="0"/><line nr="241" mi="5" ci="0" mb="0" cb="0"/><line nr="244" mi="3" ci="0" mb="0" cb="0"/><line nr="245" mi="2" ci="0" mb="0" cb="0"/><line nr="247" mi="4" ci="0" mb="0" cb="0"/><line nr="251" mi="2" ci="0" mb="2" cb="0"/><line nr="253" mi="2" ci="0" mb="0" cb="0"/><line nr="255" mi="2" ci="0" mb="0" cb="0"/><line nr="256" mi="2" ci="0" mb="0" cb="0"/><line nr="259" mi="1" ci="0" mb="0" cb="0"/><line nr="260" mi="3" ci="0" mb="0" cb="0"/><line nr="261" mi="1" ci="0" mb="0" cb="0"/><line nr="263" mi="2" ci="0" mb="0" cb="0"/><line nr="270" mi="3" ci="0" mb="0" cb="0"/><line nr="271" mi="2" ci="0" mb="0" cb="0"/><line nr="272" mi="2" ci="0" mb="0" cb="0"/><line nr="273" mi="2" ci="0" mb="0" cb="0"/><line nr="275" mi="4" ci="0" mb="0" cb="0"/><line nr="276" mi="4" ci="0" mb="0" cb="0"/><line nr="277" mi="4" ci="0" mb="0" cb="0"/><line nr="279" mi="3" ci="0" mb="0" cb="0"/><line nr="280" mi="2" ci="0" mb="0" cb="0"/><line nr="282" mi="4" ci="0" mb="0" cb="0"/><line nr="286" mi="2" ci="0" mb="2" cb="0"/><line nr="288" mi="2" ci="0" mb="0" cb="0"/><line nr="290" mi="2" ci="0" mb="0" cb="0"/><line nr="291" mi="2" ci="0" mb="0" cb="0"/><line nr="294" mi="1" ci="0" mb="0" cb="0"/><line nr="295" mi="3" ci="0" mb="0" cb="0"/><line nr="296" mi="1" ci="0" mb="0" cb="0"/><line nr="298" mi="2" ci="0" mb="0" cb="0"/><line nr="304" mi="3" ci="0" mb="0" cb="0"/><line nr="305" mi="2" ci="0" mb="0" cb="0"/><line nr="306" mi="2" ci="0" mb="0" cb="0"/><line nr="307" mi="2" ci="0" mb="0" cb="0"/><line nr="309" mi="4" ci="0" mb="0" cb="0"/><line nr="310" mi="4" ci="0" mb="0" cb="0"/><line nr="311" mi="4" ci="0" mb="0" cb="0"/><line nr="313" mi="3" ci="0" mb="0" cb="0"/><line nr="314" mi="2" ci="0" mb="0" cb="0"/><line nr="316" mi="4" ci="0" mb="0" cb="0"/><line nr="320" mi="2" ci="0" mb="2" cb="0"/><line nr="322" mi="2" ci="0" mb="0" cb="0"/><line nr="324" mi="2" ci="0" mb="0" cb="0"/><line nr="325" mi="2" ci="0" mb="0" cb="0"/><line nr="328" mi="1" ci="0" mb="0" cb="0"/><line nr="329" mi="3" ci="0" mb="0" cb="0"/><line nr="330" mi="1" ci="0" mb="0" cb="0"/><line nr="332" mi="2" ci="0" mb="0" cb="0"/><line nr="338" mi="3" ci="0" mb="0" cb="0"/><line nr="339" mi="2" ci="0" mb="0" cb="0"/><line nr="340" mi="2" ci="0" mb="0" cb="0"/><line nr="342" mi="4" ci="0" mb="0" cb="0"/><line nr="343" mi="4" ci="0" mb="0" cb="0"/><line nr="345" mi="3" ci="0" mb="0" cb="0"/><line nr="347" mi="4" ci="0" mb="0" cb="0"/><line nr="351" mi="2" ci="0" mb="2" cb="0"/><line nr="353" mi="2" ci="0" mb="0" cb="0"/><line nr="355" mi="2" ci="0" mb="0" cb="0"/><line nr="356" mi="2" ci="0" mb="0" cb="0"/><line nr="359" mi="1" ci="0" mb="0" cb="0"/><line nr="360" mi="3" ci="0" mb="0" cb="0"/><line nr="361" mi="1" ci="0" mb="0" cb="0"/><line nr="364" mi="1" ci="0" mb="0" cb="0"/><line nr="368" mi="3" ci="0" mb="0" cb="0"/><line nr="369" mi="2" ci="0" mb="0" cb="0"/><line nr="370" mi="2" ci="0" mb="0" cb="0"/><line nr="372" mi="4" ci="0" mb="0" cb="0"/><line nr="373" mi="4" ci="0" mb="0" cb="0"/><line nr="375" mi="3" ci="0" mb="0" cb="0"/><line nr="377" mi="4" ci="0" mb="0" cb="0"/><line nr="381" mi="2" ci="0" mb="2" cb="0"/><line nr="383" mi="2" ci="0" mb="0" cb="0"/><line nr="385" mi="2" ci="0" mb="0" cb="0"/><line nr="386" mi="2" ci="0" mb="0" cb="0"/><line nr="389" mi="1" ci="0" mb="0" cb="0"/><line nr="390" mi="3" ci="0" mb="0" cb="0"/><line nr="391" mi="1" ci="0" mb="0" cb="0"/><line nr="394" mi="1" ci="0" mb="0" cb="0"/><line nr="398" mi="2" ci="0" mb="0" cb="0"/><line nr="399" mi="3" ci="0" mb="0" cb="0"/><line nr="400" mi="2" ci="0" mb="0" cb="0"/><line nr="401" mi="2" ci="0" mb="0" cb="0"/><line nr="403" mi="4" ci="0" mb="0" cb="0"/><line nr="404" mi="5" ci="0" mb="0" cb="0"/><line nr="405" mi="5" ci="0" mb="0" cb="0"/><line nr="406" mi="6" ci="0" mb="0" cb="0"/><line nr="407" mi="6" ci="0" mb="0" cb="0"/><line nr="408" mi="6" ci="0" mb="0" cb="0"/><line nr="409" mi="5" ci="0" mb="0" cb="0"/><line nr="410" mi="5" ci="0" mb="0" cb="0"/><line nr="413" mi="3" ci="0" mb="0" cb="0"/><line nr="414" mi="2" ci="0" mb="0" cb="0"/><line nr="416" mi="4" ci="0" mb="0" cb="0"/><line nr="420" mi="2" ci="0" mb="2" cb="0"/><line nr="422" mi="2" ci="0" mb="0" cb="0"/><line nr="424" mi="2" ci="0" mb="0" cb="0"/><line nr="425" mi="2" ci="0" mb="0" cb="0"/><line nr="428" mi="1" ci="0" mb="0" cb="0"/><line nr="429" mi="3" ci="0" mb="0" cb="0"/><line nr="431" mi="1" ci="0" mb="0" cb="0"/><line nr="434" mi="2" ci="0" mb="0" cb="0"/><line nr="440" mi="3" ci="0" mb="0" cb="0"/><line nr="441" mi="2" ci="0" mb="0" cb="0"/><line nr="443" mi="2" ci="0" mb="0" cb="0"/><line nr="445" mi="4" ci="0" mb="0" cb="0"/><line nr="446" mi="4" ci="0" mb="0" cb="0"/><line nr="448" mi="3" ci="0" mb="0" cb="0"/><line nr="450" mi="4" ci="0" mb="0" cb="0"/><line nr="454" mi="2" ci="0" mb="2" cb="0"/><line nr="456" mi="2" ci="0" mb="0" cb="0"/><line nr="458" mi="2" ci="0" mb="0" cb="0"/><line nr="459" mi="2" ci="0" mb="0" cb="0"/><line nr="462" mi="1" ci="0" mb="0" cb="0"/><line nr="463" mi="3" ci="0" mb="0" cb="0"/><line nr="464" mi="1" ci="0" mb="0" cb="0"/><line nr="467" mi="1" ci="0" mb="0" cb="0"/><counter type="INSTRUCTION" missed="661" covered="3"/><counter type="BRANCH" missed="28" covered="0"/><counter type="LINE" missed="237" covered="1"/><counter type="COMPLEXITY" missed="26" covered="1"/><counter type="METHOD" missed="12" covered="1"/><counter type="CLASS" missed="0" covered="1"/></sourcefile><sourcefile name="ReservationDalJDBC.java"><line nr="14" mi="0" ci="3" mb="0" cb="0"/><line nr="18" mi="4" ci="0" mb="0" cb="0"/><line nr="19" mi="3" ci="0" mb="0" cb="0"/><line nr="20" mi="2" ci="0" mb="0" cb="0"/><line nr="21" mi="2" ci="0" mb="0" cb="0"/><line nr="24" mi="3" ci="0" mb="0" cb="0"/><line nr="25" mi="4" ci="0" mb="0" cb="0"/><line nr="28" mi="3" ci="0" mb="2" cb="0"/><line nr="29" mi="4" ci="0" mb="0" cb="0"/><line nr="30" mi="4" ci="0" mb="0" cb="0"/><line nr="31" mi="4" ci="0" mb="0" cb="0"/><line nr="32" mi="4" ci="0" mb="0" cb="0"/><line nr="33" mi="4" ci="0" mb="0" cb="0"/><line nr="34" mi="5" ci="0" mb="0" cb="0"/><line nr="35" mi="4" ci="0" mb="0" cb="0"/><line nr="36" mi="4" ci="0" mb="0" cb="0"/><line nr="37" mi="4" ci="0" mb="0" cb="0"/><line nr="38" mi="4" ci="0" mb="0" cb="0"/><line nr="40" mi="14" ci="0" mb="0" cb="0"/><line nr="41" mi="4" ci="0" mb="0" cb="0"/><line nr="42" mi="1" ci="0" mb="0" cb="0"/><line nr="45" mi="4" ci="0" mb="0" cb="0"/><line nr="48" mi="2" ci="0" mb="2" cb="0"/><line nr="50" mi="2" ci="0" mb="0" cb="0"/><line nr="52" mi="2" ci="0" mb="0" cb="0"/><line nr="53" mi="2" ci="0" mb="0" cb="0"/><line nr="55" mi="1" ci="0" mb="0" cb="0"/><line nr="56" mi="3" ci="0" mb="0" cb="0"/><line nr="57" mi="1" ci="0" mb="0" cb="0"/><line nr="59" mi="2" ci="0" mb="0" cb="0"/><line nr="65" mi="3" ci="0" mb="0" cb="0"/><line nr="66" mi="2" ci="0" mb="0" cb="0"/><line nr="67" mi="2" ci="0" mb="0" cb="0"/><line nr="68" mi="2" ci="0" mb="0" cb="0"/><line nr="70" mi="4" ci="0" mb="0" cb="0"/><line nr="71" mi="4" ci="0" mb="0" cb="0"/><line nr="72" mi="5" ci="0" mb="0" cb="0"/><line nr="73" mi="5" ci="0" mb="0" cb="0"/><line nr="74" mi="5" ci="0" mb="0" cb="0"/><line nr="75" mi="6" ci="0" mb="0" cb="0"/><line nr="76" mi="5" ci="0" mb="0" cb="0"/><line nr="77" mi="5" ci="0" mb="0" cb="0"/><line nr="79" mi="3" ci="0" mb="0" cb="0"/><line nr="80" mi="2" ci="0" mb="0" cb="0"/><line nr="82" mi="1" ci="0" mb="0" cb="0"/><line nr="85" mi="2" ci="0" mb="2" cb="0"/><line nr="87" mi="2" ci="0" mb="0" cb="0"/><line nr="89" mi="2" ci="0" mb="0" cb="0"/><line nr="90" mi="2" ci="0" mb="0" cb="0"/><line nr="92" mi="1" ci="0" mb="0" cb="0"/><line nr="93" mi="3" ci="0" mb="0" cb="0"/><line nr="94" mi="1" ci="0" mb="0" cb="0"/><line nr="96" mi="2" ci="0" mb="0" cb="0"/><line nr="101" mi="4" ci="0" mb="0" cb="0"/><line nr="102" mi="3" ci="0" mb="0" cb="0"/><line nr="103" mi="2" ci="0" mb="0" cb="0"/><line nr="104" mi="2" ci="0" mb="0" cb="0"/><line nr="107" mi="4" ci="0" mb="0" cb="0"/><line nr="108" mi="4" ci="0" mb="0" cb="0"/><line nr="110" mi="3" ci="0" mb="0" cb="0"/><line nr="112" mi="3" ci="0" mb="2" cb="0"/><line nr="113" mi="4" ci="0" mb="0" cb="0"/><line nr="114" mi="4" ci="0" mb="0" cb="0"/><line nr="115" mi="4" ci="0" mb="0" cb="0"/><line nr="116" mi="4" ci="0" mb="0" cb="0"/><line nr="117" mi="5" ci="0" mb="0" cb="0"/><line nr="118" mi="4" ci="0" mb="0" cb="0"/><line nr="119" mi="4" ci="0" mb="0" cb="0"/><line nr="120" mi="4" ci="0" mb="0" cb="0"/><line nr="123" mi="13" ci="0" mb="0" cb="0"/><line nr="124" mi="4" ci="0" mb="0" cb="0"/><line nr="125" mi="1" ci="0" mb="0" cb="0"/><line nr="128" mi="4" ci="0" mb="0" cb="0"/><line nr="131" mi="2" ci="0" mb="2" cb="0"/><line nr="133" mi="2" ci="0" mb="0" cb="0"/><line nr="135" mi="2" ci="0" mb="0" cb="0"/><line nr="136" mi="2" ci="0" mb="0" cb="0"/><line nr="138" mi="1" ci="0" mb="0" cb="0"/><line nr="139" mi="3" ci="0" mb="0" cb="0"/><line nr="140" mi="1" ci="0" mb="0" cb="0"/><line nr="142" mi="2" ci="0" mb="0" cb="0"/><line nr="147" mi="4" ci="0" mb="0" cb="0"/><line nr="148" mi="3" ci="0" mb="0" cb="0"/><line nr="149" mi="2" ci="0" mb="0" cb="0"/><line nr="150" mi="2" ci="0" mb="0" cb="0"/><line nr="153" mi="4" ci="0" mb="0" cb="0"/><line nr="154" mi="4" ci="0" mb="0" cb="0"/><line nr="155" mi="4" ci="0" mb="0" cb="0"/><line nr="157" mi="3" ci="0" mb="0" cb="0"/><line nr="159" mi="3" ci="0" mb="2" cb="0"/><line nr="160" mi="4" ci="0" mb="0" cb="0"/><line nr="161" mi="4" ci="0" mb="0" cb="0"/><line nr="162" mi="4" ci="0" mb="0" cb="0"/><line nr="163" mi="4" ci="0" mb="0" cb="0"/><line nr="164" mi="5" ci="0" mb="0" cb="0"/><line nr="165" mi="4" ci="0" mb="0" cb="0"/><line nr="166" mi="4" ci="0" mb="0" cb="0"/><line nr="167" mi="4" ci="0" mb="0" cb="0"/><line nr="170" mi="13" ci="0" mb="0" cb="0"/><line nr="171" mi="4" ci="0" mb="0" cb="0"/><line nr="172" mi="1" ci="0" mb="0" cb="0"/><line nr="175" mi="4" ci="0" mb="0" cb="0"/><line nr="178" mi="2" ci="0" mb="2" cb="0"/><line nr="180" mi="2" ci="0" mb="0" cb="0"/><line nr="182" mi="2" ci="0" mb="0" cb="0"/><line nr="183" mi="2" ci="0" mb="0" cb="0"/><line nr="185" mi="1" ci="0" mb="0" cb="0"/><line nr="186" mi="3" ci="0" mb="0" cb="0"/><line nr="187" mi="1" ci="0" mb="0" cb="0"/><line nr="189" mi="2" ci="0" mb="0" cb="0"/><line nr="194" mi="4" ci="0" mb="0" cb="0"/><line nr="195" mi="3" ci="0" mb="0" cb="0"/><line nr="196" mi="2" ci="0" mb="0" cb="0"/><line nr="197" mi="2" ci="0" mb="0" cb="0"/><line nr="200" mi="4" ci="0" mb="0" cb="0"/><line nr="201" mi="4" ci="0" mb="0" cb="0"/><line nr="203" mi="3" ci="0" mb="0" cb="0"/><line nr="205" mi="3" ci="0" mb="2" cb="0"/><line nr="206" mi="4" ci="0" mb="0" cb="0"/><line nr="207" mi="4" ci="0" mb="0" cb="0"/><line nr="208" mi="4" ci="0" mb="0" cb="0"/><line nr="209" mi="4" ci="0" mb="0" cb="0"/><line nr="210" mi="4" ci="0" mb="0" cb="0"/><line nr="211" mi="5" ci="0" mb="0" cb="0"/><line nr="212" mi="4" ci="0" mb="0" cb="0"/><line nr="213" mi="4" ci="0" mb="0" cb="0"/><line nr="214" mi="4" ci="0" mb="0" cb="0"/><line nr="215" mi="4" ci="0" mb="0" cb="0"/><line nr="218" mi="14" ci="0" mb="0" cb="0"/><line nr="219" mi="4" ci="0" mb="0" cb="0"/><line nr="220" mi="1" ci="0" mb="0" cb="0"/><line nr="223" mi="4" ci="0" mb="0" cb="0"/><line nr="226" mi="2" ci="0" mb="2" cb="0"/><line nr="228" mi="2" ci="0" mb="0" cb="0"/><line nr="230" mi="2" ci="0" mb="0" cb="0"/><line nr="231" mi="2" ci="0" mb="0" cb="0"/><line nr="233" mi="1" ci="0" mb="0" cb="0"/><line nr="234" mi="3" ci="0" mb="0" cb="0"/><line nr="235" mi="1" ci="0" mb="0" cb="0"/><line nr="237" mi="2" ci="0" mb="0" cb="0"/><line nr="242" mi="4" ci="0" mb="0" cb="0"/><line nr="243" mi="3" ci="0" mb="0" cb="0"/><line nr="244" mi="2" ci="0" mb="0" cb="0"/><line nr="245" mi="2" ci="0" mb="0" cb="0"/><line nr="248" mi="4" ci="0" mb="0" cb="0"/><line nr="249" mi="4" ci="0" mb="0" cb="0"/><line nr="251" mi="3" ci="0" mb="0" cb="0"/><line nr="253" mi="3" ci="0" mb="2" cb="0"/><line nr="254" mi="4" ci="0" mb="0" cb="0"/><line nr="255" mi="4" ci="0" mb="0" cb="0"/><line nr="256" mi="4" ci="0" mb="0" cb="0"/><line nr="257" mi="4" ci="0" mb="0" cb="0"/><line nr=
[...]
<counter type="INSTRUCTION" missed="4" covered="0"/><counter type="LINE" missed="1" covered="0"/><counter type="COMPLEXITY" missed="1" covered="0"/><counter type="METHOD" missed="1" covered="0"/></method><method name="setFirstName" desc="(Ljava/lang/String;)V" line="6"><counter type="INSTRUCTION" missed="4" covered="0"/><counter type="LINE" missed="1" covered="0"/><counter type="COMPLEXITY" missed="1" covered="0"/><counter type="METHOD" missed="1" covered="0"/></method><method name="setLastName" desc="(Ljava/lang/String;)V" line="6"><counter type="INSTRUCTION" missed="4" covered="0"/><counter type="LINE" missed="1" covered="0"/><counter type="COMPLEXITY" missed="1" covered="0"/><counter type="METHOD" missed="1" covered="0"/></method><method name="setRole" desc="(Ljava/lang/String;)V" line="6"><counter type="INSTRUCTION" missed="4" covered="0"/><counter type="LINE" missed="1" covered="0"/><counter type="COMPLEXITY" missed="1" covered="0"/><counter type="METHOD" missed="1" covered="0"/></method><counter type="INSTRUCTION" missed="28" covered="48"/><counter type="LINE" missed="1" covered="18"/><counter type="COMPLEXITY" missed="7" covered="9"/><counter type="METHOD" missed="7" covered="9"/><counter type="CLASS" missed="0" covered="1"/></class><class name="com/example/cinemasystem/model/Trailer" sourcefilename="Trailer.java"><method name="&lt;init&gt;" desc="()V" line="11"><counter type="INSTRUCTION" missed="0" covered="3"/><counter type="LINE" missed="0" covered="2"/><counter type="COMPLEXITY" missed="0" covered="1"/><counter type="METHOD" missed="0" covered="1"/></method><method name="&lt;init&gt;" desc="(ILjava/lang/String;)V" line="15"><counter type="INSTRUCTION" missed="0" covered="9"/><counter type="LINE" missed="0" covered="4"/><counter type="COMPLEXITY" missed="0" covered="1"/><counter type="METHOD" missed="0" covered="1"/></method><method name="getId" desc="()I" line="6"><counter type="INSTRUCTION" missed="0" covered="3"/><counter type="LINE" missed="0" covered="1"/><counter type="COMPLEXITY" missed="0" covered="1"/><counter type="METHOD" missed="0" covered="1"/></method><method name="getVideoLink" desc="()Ljava/lang/String;" line="9"><counter type="INSTRUCTION" missed="0" covered="3"/><counter type="LINE" missed="0" covered="1"/><counter type="COMPLEXITY" missed="0" covered="1"/><counter type="METHOD" missed="0" covered="1"/></method><counter type="INSTRUCTION" missed="0" covered="18"/><counter type="LINE" missed="0" covered="8"/><counter type="COMPLEXITY" missed="0" covered="4"/><counter type="METHOD" missed="0" covered="4"/><counter type="CLASS" missed="0" covered="1"/></class><class name="com/example/cinemasystem/model/Reservation" sourcefilename="Reservation.java"><method name="&lt;init&gt;" desc="(IILjava/lang/String;ILjava/util/Date;Ljava/lang/Double;ILjava/lang/String;Ljava/lang/String;)V" line="34"><counter type="INSTRUCTION" missed="30" covered="0"/><counter type="LINE" missed="11" covered="0"/><counter type="COMPLEXITY" missed="1" covered="0"/><counter type="METHOD" missed="1" covered="0"/></method><method name="&lt;init&gt;" desc="(IILjava/lang/String;ILjava/util/Date;Ljava/lang/Double;ILjava/lang/String;Ljava/lang/String;Ljava/lang/String;)V" line="47"><counter type="INSTRUCTION" missed="33" covered="0"/><counter type="LINE" missed="12" covered="0"/><counter type="COMPLEXITY" missed="1" covered="0"/><counter type="METHOD" missed="1" covered="0"/></method><method name="&lt;init&gt;" desc="()V" line="60"><counter type="INSTRUCTION" missed="3" covered="0"/><counter type="LINE" missed="1" covered="0"/><counter type="COMPLEXITY" missed="1" covered="0"/><counter type="METHOD" missed="1" covered="0"/></method><method name="getId" desc="()I" line="13"><counter type="INSTRUCTION" missed="3" covered="0"/><counter type="LINE" missed="1" covered="0"/><counter type="COMPLEXITY" missed="1" covered="0"/><counter type="METHOD" missed="1" covered="0"/></method><method name="getMovieId" desc="()I" line="15"><counter type="INSTRUCTION" missed="3" covered="0"/><counter type="LINE" missed="1" covered="0"/><counter type="COMPLEXITY" missed="1" covered="0"/><counter type="METHOD" missed="1" covered="0"/></method><method name="getAccountId" desc="()I" line="17"><counter type="INSTRUCTION" missed="3" covered="0"/><counter type="LINE" missed="1" covered="0"/><counter type="COMPLEXITY" missed="1" covered="0"/><counter type="METHOD" missed="1" covered="0"/></method><method name="getMovieName" desc="()Ljava/lang/String;" line="19"><counter type="INSTRUCTION" missed="3" covered="0"/><counter type="LINE" missed="1" covered="0"/><counter type="COMPLEXITY" missed="1" covered="0"/><counter type="METHOD" missed="1" covered="0"/></method><method name="getTransactionDate" desc="()Ljava/util/Date;" line="21"><counter type="INSTRUCTION" missed="3" covered="0"/><counter type="LINE" missed="1" covered="0"/><counter type="COMPLEXITY" missed="1" covered="0"/><counter type="METHOD" missed="1" covered="0"/></method><method name="getPrice" desc="()Ljava/lang/Double;" line="23"><counter type="INSTRUCTION" missed="3" covered="0"/><counter type="LINE" missed="1" covered="0"/><counter type="COMPLEXITY" missed="1" covered="0"/><counter type="METHOD" missed="1" covered="0"/></method><method name="getNumberOfTickets" desc="()I" line="25"><counter type="INSTRUCTION" missed="3" covered="0"/><counter type="LINE" missed="1" covered="0"/><counter type="COMPLEXITY" missed="1" covered="0"/><counter type="METHOD" missed="1" covered="0"/></method><method name="getProjectionDay" desc="()Ljava/lang/String;" line="27"><counter type="INSTRUCTION" missed="3" covered="0"/><counter type="LINE" missed="1" covered="0"/><counter type="COMPLEXITY" missed="1" covered="0"/><counter type="METHOD" missed="1" covered="0"/></method><method name="getProjectionHour" desc="()Ljava/lang/String;" line="29"><counter type="INSTRUCTION" missed="3" covered="0"/><counter type="LINE" missed="1" covered="0"/><counter type="COMPLEXITY" missed="1" covered="0"/><counter type="METHOD" missed="1" covered="0"/></method><method name="getAccountName" desc="()Ljava/lang/String;" line="31"><counter type="INSTRUCTION" missed="3" covered="0"/><counter type="LINE" missed="1" covered="0"/><counter type="COMPLEXITY" missed="1" covered="0"/><counter type="METHOD" missed="1" covered="0"/></method><method name="setId" desc="(I)V" line="9"><counter type="INSTRUCTION" missed="4" covered="0"/><counter type="LINE" missed="1" covered="0"/><counter type="COMPLEXITY" missed="1" covered="0"/><counter type="METHOD" missed="1" covered="0"/></method><method name="setMovieId" desc="(I)V" line="9"><counter type="INSTRUCTION" missed="4" covered="0"/><counter type="LINE" missed="1" covered="0"/><counter type="COMPLEXITY" missed="1" covered="0"/><counter type="METHOD" missed="1" covered="0"/></method><method name="setAccountId" desc="(I)V" line="9"><counter type="INSTRUCTION" missed="4" covered="0"/><counter type="LINE" missed="1" covered="0"/><counter type="COMPLEXITY" missed="1" covered="0"/><counter type="METHOD" missed="1" covered="0"/></method><method name="setMovieName" desc="(Ljava/lang/String;)V" line="9"><counter type="INSTRUCTION" missed="4" covered="0"/><counter type="LINE" missed="1" covered="0"/><counter type="COMPLEXITY" missed="1" covered="0"/><counter type="METHOD" missed="1" covered="0"/></method><method name="setTransactionDate" desc="(Ljava/util/Date;)V" line="9"><counter type="INSTRUCTION" missed="4" covered="0"/><counter type="LINE" missed="1" covered="0"/><counter type="COMPLEXITY" missed="1" covered="0"/><counter type="METHOD" missed="1" covered="0"/></method><method name="setPrice" desc="(Ljava/lang/Double;)V" line="9"><counter type="INSTRUCTION" missed="4" covered="0"/><counter type="LINE" missed="1" covered="0"/><counter type="COMPLEXITY" missed="1" covered="0"/><counter type="METHOD" missed="1" covered="0"/></method><method name="setNumberOfTickets" desc="(I)V" line="9"><counter type="INSTRUCTION" missed="4" covered="0"/><counter type="LINE" missed="1" covered="0"/><counter type="COMPLEXITY" missed="1" covered="0"/><counter type="METHOD" missed="1" covered="0"/></method><method name="setProjectionDay" desc="(Ljava/lang/String;)V" line="9"><counter type="INSTRUCTION" missed="4" covered="0"/><counter type="LINE" missed="1" covered="0"/><counter type="COMPLEXITY" missed="1" covered="0"/><counter type="METHOD" missed="1" covered="0"/></method><method name="setProjectionHour" desc="(Ljava/lang/String;)V" line="9"><counter type="INSTRUCTION" missed="4" covered="0"/><counter type="LINE" missed="1" covered="0"/><counter type="COMPLEXITY" missed="1" covered="0"/><counter type="METHOD" missed="1" covered="0"/></method><method name="setAccountName" desc="(Ljava/lang/String;)V" line="9"><counter type="INSTRUCTION" missed="4" covered="0"/><counter type="LINE" missed="1" covered="0"/><counter type="COMPLEXITY" missed="1" covered="0"/><counter type="METHOD" missed="1" covered="0"/></method><counter type="INSTRUCTION" missed="136" covered="0"/><counter type="LINE" missed="35" covered="0"/><counter type="COMPLEXITY" missed="23" covered="0"/><counter type="METHOD" missed="23" covered="0"/><counter type="CLASS" missed="1" covered="0"/></class><class name="com/example/cinemasystem/model/Movie" sourcefilename="Movie.java"><method name="&lt;init&gt;" desc="(ILjava/lang/String;Ljava/lang/String;ILcom/example/cinemasystem/enums/Genre;Ljava/lang/Double;Ljava/lang/String;)V" line="27"><counter type="INSTRUCTION" missed="0" covered="24"/><counter type="LINE" missed="0" covered="9"/><counter type="COMPLEXITY" missed="0" covered="1"/><counter type="METHOD" missed="0" covered="1"/></method><method name="&lt;init&gt;" desc="()V" line="37"><counter type="INSTRUCTION" missed="0" covered="3"/><counter type="LINE" missed="0" covered="2"/><counter type="COMPLEXITY" missed="0" covered="1"/><counter type="METHOD" missed="0" covered="1"/></method><method name="getId" desc="()I" line="12"><counter type="INSTRUCTION" missed="0" covered="3"/><counter type="LINE" missed="0" covered="1"/><counter type="COMPLEXITY" missed="0" covered="1"/><counter type="METHOD" missed="0" covered="1"/></method><method name="getTitle" desc="()Ljava/lang/String;" line="14"><counter type="INSTRUCTION" missed="0" covered="3"/><counter type="LINE" missed="0" covered="1"/><counter type="COMPLEXITY" missed="0" covered="1"/><counter type="METHOD" missed="0" covered="1"/></method><method name="getDescription" desc="()Ljava/lang/String;" line="16"><counter type="INSTRUCTION" missed="0" covered="3"/><counter type="LINE" missed="0" covered="1"/><counter type="COMPLEXITY" missed="0" covered="1"/><counter type="METHOD" missed="0" covered="1"/></method><method name="getLength" desc="()I" line="18"><counter type="INSTRUCTION" missed="0" covered="3"/><counter type="LINE" missed="0" covered="1"/><counter type="COMPLEXITY" missed="0" covered="1"/><counter type="METHOD" missed="0" covered="1"/></method><method name="getGenre" desc="()Lcom/example/cinemasystem/enums/Genre;" line="20"><counter type="INSTRUCTION" missed="0" covered="3"/><counter type="LINE" missed="0" covered="1"/><counter type="COMPLEXITY" missed="0" covered="1"/><counter type="METHOD" missed="0" covered="1"/></method><method name="getRating" desc="()Ljava/lang/Double;" line="22"><counter type="INSTRUCTION" missed="0" covered="3"/><counter type="LINE" missed="0" covered="1"/><counter type="COMPLEXITY" missed="0" covered="1"/><counter type="METHOD" missed="0" covered="1"/></method><method name="getDirector" desc="()Ljava/lang/String;" line="24"><counter type="INSTRUCTION" missed="0" covered="3"/><counter type="LINE" missed="0" covered="1"/><counter type="COMPLEXITY" missed="0" covered="1"/><counter type="METHOD" missed="0" covered="1"/></method><method name="setId" desc="(I)V" line="8"><counter type="INSTRUCTION" missed="4" covered="0"/><counter type="LINE" missed="1" covered="0"/><counter type="COMPLEXITY" missed="1" covered="0"/><counter type="METHOD" missed="1" covered="0"/></method><method name="setTitle" desc="(Ljava/lang/String;)V" line="8"><counter type="INSTRUCTION" missed="4" covered="0"/><counter type="LINE" missed="1" covered="0"/><counter type="COMPLEXITY" missed="1" covered="0"/><counter type="METHOD" missed="1" covered="0"/></method><method name="setDescription" desc="(Ljava/lang/String;)V" line="8"><counter type="INSTRUCTION" missed="4" covered="0"/><counter type="LINE" missed="1" covered="0"/><counter type="COMPLEXITY" missed="1" covered="0"/><counter type="METHOD" missed="1" covered="0"/></method><method name="setLength" desc="(I)V" line="8"><counter type="INSTRUCTION" missed="4" covered="0"/><counter type="LINE" missed="1" covered="0"/><counter type="COMPLEXITY" missed="1" covered="0"/><counter type="METHOD" missed="1" covered="0"/></method><method name="setGenre" desc="(Lcom/example/cinemasystem/enums/Genre;)V" line="8"><counter type="INSTRUCTION" missed="4" covered="0"/><counter type="LINE" missed="1" covered="0"/><counter type="COMPLEXITY" missed="1" covered="0"/><counter type="METHOD" missed="1" covered="0"/></method><method name="setRating" desc="(Ljava/lang/Double;)V" line="8"><counter type="INSTRUCTION" missed="4" covered="0"/><counter type="LINE" missed="1" covered="0"/><counter type="COMPLEXITY" missed="1" covered="0"/><counter type="METHOD" missed="1" covered="0"/></method><method name="setDirector" desc="(Ljava/lang/String;)V" line="8"><counter type="INSTRUCTION" missed="4" covered="0"/><counter type="LINE" missed="1" covered="0"/><counter type="COMPLEXITY" missed="1" covered="0"/><counter type="METHOD" missed="1" covered="0"/></method><counter type="INSTRUCTION" missed="28" covered="48"/><counter type="LINE" missed="1" covered="18"/><counter type="COMPLEXITY" missed="7" covered="9"/><counter type="METHOD" missed="7" covered="9"/><counter type="CLASS" missed="0" covered="1"/></class><sourcefile name="Movie.java"><line nr="8" mi="28" ci="0" mb="0" cb="0"/><line nr="12" mi="0" ci="3" mb="0" cb="0"/><line nr="14" mi="0" ci="3" mb="0" cb="0"/><line nr="16" mi="0" ci="3" mb="0" cb="0"/><line nr="18" mi="0" ci="3" mb="0" cb="0"/><line nr="20" mi="0" ci="3" mb="0" cb="0"/><line nr="22" mi="0" ci="3" mb="0" cb="0"/><line nr="24" mi="0" ci="3" mb="0" cb="0"/><line nr="27" mi="0" ci="2" mb="0" cb="0"/><line nr="28" mi="0" ci="3" mb="0" cb="0"/><line nr="29" mi="0" ci="3" mb="0" cb="0"/><line nr="30" mi="0" ci="3" mb="0" cb="0"/><line nr="31" mi="0" ci="3" mb="0" cb="0"/><line nr="32" mi="0" ci="3" mb="0" cb="0"/><line nr="33" mi="0" ci="3" mb="0" cb="0"/><line nr="34" mi="0" ci="3" mb="0" cb="0"/><line nr="35" mi="0" ci="1" mb="0" cb="0"/><line nr="37" mi="0" ci="2" mb="0" cb="0"/><line nr="39" mi="0" ci="1" mb="0" cb="0"/><counter type="INSTRUCTION" missed="28" covered="48"/><counter type="LINE" missed="1" covered="18"/><counter type="COMPLEXITY" missed="7" covered="9"/><counter type="METHOD" missed="7" covered="9"/><counter type="CLASS" missed="0" covered="1"/></sourcefile><sourcefile name="Trailer.java"><line nr="6" mi="0" ci="3" mb="0" cb="0"/><line nr="9" mi="0" ci="3" mb="0" cb="0"/><line nr="11" mi="0" ci="2" mb="0" cb="0"/><line nr="13" mi="0" ci="1" mb="0" cb="0"/><line nr="15" mi="0" ci="2" mb="0" cb="0"/><line nr="16" mi="0" ci="3" mb="0" cb="0"/><line nr="17" mi="0" ci="3" mb="0" cb="0"/><line nr="19" mi="0" ci="1" mb="0" cb="0"/><counter type="INSTRUCTION" missed="0" covered="18"/><counter type="LINE" missed="0" covered="8"/><counter type="COMPLEXITY" missed="0" covered="4"/><counter type="METHOD" missed="0" covered="4"/><counter type="CLASS" missed="0" covered="1"/></sourcefile><sourcefile name="Reservation.java"><line nr="9" mi="40" ci="0" mb="0" cb="0"/><line nr="13" mi="3" ci="0" mb="0" cb="0"/><line nr="15" mi="3" ci="0" mb="0" cb="0"/><line nr="17" mi="3" ci="0" mb="0" cb="0"/><line nr="19" mi="3" ci="0" mb="0" cb="0"/><line nr="21" mi="3" ci="0" mb="0" cb="0"/><line nr="23" mi="3" ci="0" mb="0" cb="0"/><line nr="25" mi="3" ci="0" mb="0" cb="0"/><line nr="27" mi="3" ci="0" mb="0" cb="0"/><line nr="29" mi="3" ci="0" mb="0" cb="0"/><line nr="31" mi="3" ci="0" mb="0" cb="0"/><line nr="34" mi="2" ci="0" mb="0" cb="0"/><line nr="35" mi="3" ci="0" mb="0" cb="0"/><line nr="36" mi="3" ci="0" mb="0" cb="0"/><line nr="37" mi="3" ci="0" mb="0" cb="0"/><line nr="38" mi="3" ci="0" mb="0" cb="0"/><line nr="39" mi="3" ci="0" mb="0" cb="0"/><line nr="40" mi="3" ci="0" mb="0" cb="0"/><line nr="41" mi="3" ci="0" mb="0" cb="0"/><line nr="42" mi="3" ci="0" mb="0" cb="0"/><line nr="43" mi="3" ci="0" mb="0" cb="0"/><line nr="45" mi="1" ci="0" mb="0" cb="0"/><line nr="47" mi="2" ci="0" mb="0" cb="0"/><line nr="48" mi="3" ci="0" mb="0" cb="0"/><line nr="49" mi="3" ci="0" mb="0" cb="0"/><line nr="50" mi="3" ci="0" mb="0" cb="0"/><line nr="51" mi="3" ci="0" mb="0" cb="0"/><line nr="52" mi="3" ci="0" mb="0" cb="0"/><line nr="53" mi="3" ci="0" mb="0" cb="0"/><line nr="54" mi="3" ci="0" mb="0" cb="0"/><line nr="55" mi="3" ci="0" mb="0" cb="0"/><line nr="56" mi="3" ci="0" mb="0" cb="0"/><line nr="57" mi="3" ci="0" mb="0" cb="0"/><line nr="59" mi="1" ci="0" mb="0" cb="0"/><line nr="60" mi="3" ci="0" mb="0" cb="0"/><counter type="INSTRUCTION" missed="136" covered="0"/><counter type="LINE" missed="35" covered="0"/><counter type="COMPLEXITY" missed="23" covered="0"/><counter type="METHOD" missed="23" covered="0"/><counter type="CLASS" missed="1" covered="0"/></sourcefile><sourcefile name="UserAccount.java"><line nr="8" mi="0" ci="9" mb="0" cb="0"/><line nr="10" mi="0" ci="1" mb="0" cb="0"/><line nr="11" mi="0" ci="3" mb="0" cb="0"/><counter type="INSTRUCTION" missed="0" covered="13"/><counter type="LINE" missed="0" covered="3"/><counter type="COMPLEXITY" missed="0" covered="2"/><counter type="METHOD" missed="0" covered="2"/><counter type="CLASS" missed="0" covered="1"/></sourcefile><sourcefile name="User.java"><line nr="6" mi="28" ci="0" mb="0" cb="0"/><line nr="11" mi="0" ci="3" mb="0" cb="0"/><line nr="13" mi="0" ci="3" mb="0" cb="0"/><line nr="15" mi="0" ci="3" mb="0" cb="0"/><line nr="17" mi="0" ci="3" mb="0" cb="0"/><line nr="19" mi="0" ci="3" mb="0" cb="0"/><line nr="21" mi="0" ci="3" mb="0" cb="0"/><line nr="23" mi="0" ci="3" mb="0" cb="0"/><line nr="25" mi="0" ci="2" mb="0" cb="0"/><line nr="27" mi="0" ci="1" mb="0" cb="0"/><line nr="30" mi="0" ci="2" mb="0" cb="0"/><line nr="31" mi="0" ci="3" mb="0" cb="0"/><line nr="32" mi="0" ci="3" mb="0" cb="0"/><line nr="33" mi="0" ci="3" mb="0" cb="0"/><line nr="34" mi="0" ci="3" mb="0" cb="0"/><line nr="35" mi="0" ci="3" mb="0" cb="0"/><line nr="36" mi="0" ci="3" mb="0" cb="0"/><line nr="37" mi="0" ci="3" mb="0" cb="0"/><line nr="39" mi="0" ci="1" mb="0" cb="0"/><counter type="INSTRUCTION" missed="28" covered="48"/><counter type="LINE" missed="1" covered="18"/><counter type="COMPLEXITY" missed="7" covered="9"/><counter type="METHOD" missed="7" covered="9"/><counter type="CLASS" missed="0" covered="1"/></sourcefile><counter type="INSTRUCTION" missed="192" covered="127"/><counter type="LINE" missed="37" covered="47"/><counter type="COMPLEXITY" missed="37" covered="24"/><counter type="METHOD" missed="37" covered="24"/><counter type="CLASS" missed="1" covered="4"/></package><package name="com/example/cinemasystem/dalInterfaces"><class name="com/example/cinemasystem/dalInterfaces/IReservationDAL" sourcefilename="IReservationDAL.java"/><class name="com/example/cinemasystem/dalInterfaces/IAccountDAL" sourcefilename="IAccountDAL.java"/><class name="com/example/cinemasystem/dalInterfaces/IMovieDAL" sourcefilename="IMovieDAL.java"/><sourcefile name="IReservationDAL.java"/><sourcefile name="IMovieDAL.java"/><sourcefile name="IAccountDAL.java"/></package><counter type="INSTRUCTION" missed="3452" covered="855"/><counter type="BRANCH" missed="315" covered="17"/><counter type="LINE" missed="706" covered="214"/><counter type="COMPLEXITY" missed="288" covered="115"/><counter type="METHOD" missed="128" covered="109"/><counter type="CLASS" missed="2" covered="27"/></report>